
AVRASM ver. 2.1.30  E:\projects\GitUpload\AVRProjects\10-Last_Project_FireEngine\Debug\List\FireEngine.asm Tue Nov 12 15:47:19 2019

E:\projects\GitUpload\AVRProjects\10-Last_Project_FireEngine\Debug\List\FireEngine.asm(1088): warning: Register r5 already defined by the .DEF directive
E:\projects\GitUpload\AVRProjects\10-Last_Project_FireEngine\Debug\List\FireEngine.asm(1089): warning: Register r4 already defined by the .DEF directive
E:\projects\GitUpload\AVRProjects\10-Last_Project_FireEngine\Debug\List\FireEngine.asm(1090): warning: Register r7 already defined by the .DEF directive
                 
                 
                 ;CodeVisionAVR C Compiler V3.14 Advanced
                 ;(C) Copyright 1998-2014 Pavel Haiduc, HP InfoTech s.r.l.
                 ;http://www.hpinfotech.com
                 
                 ;Build configuration    : Debug
                 ;Chip type              : ATmega16
                 ;Program type           : Application
                 ;Clock frequency        : 1.000000 MHz
                 ;Memory model           : Small
                 ;Optimize for           : Size
                 ;(s)printf features     : int, width
                 ;(s)scanf features      : int, width
                 ;External RAM size      : 0
                 ;Data Stack size        : 256 byte(s)
                 ;Heap size              : 0 byte(s)
                 ;Promote 'char' to 'int': Yes
                 ;'char' is unsigned     : Yes
                 ;8 bit enums            : Yes
                 ;Global 'const' stored in FLASH: Yes
                 ;Enhanced function parameter passing: Yes
                 ;Enhanced core instructions: On
                 ;Automatic register allocation for global variables: On
                 ;Smart register allocation: On
                 
                 	#define _MODEL_SMALL_
                 
                 	#pragma AVRPART ADMIN PART_NAME ATmega16
                 	#pragma AVRPART MEMORY PROG_FLASH 16384
                 	#pragma AVRPART MEMORY EEPROM 512
                 	#pragma AVRPART MEMORY INT_SRAM SIZE 1024
                 	#pragma AVRPART MEMORY INT_SRAM START_ADDR 0x60
                 
                 	#define CALL_SUPPORTED 1
                 
                 	.LISTMAC
                 	.EQU UDRE=0x5
                 	.EQU RXC=0x7
                 	.EQU USR=0xB
                 	.EQU UDR=0xC
                 	.EQU SPSR=0xE
                 	.EQU SPDR=0xF
                 	.EQU EERE=0x0
                 	.EQU EEWE=0x1
                 	.EQU EEMWE=0x2
                 	.EQU EECR=0x1C
                 	.EQU EEDR=0x1D
                 	.EQU EEARL=0x1E
                 	.EQU EEARH=0x1F
                 	.EQU WDTCR=0x21
                 	.EQU MCUCR=0x35
                 	.EQU GICR=0x3B
                 	.EQU SPL=0x3D
                 	.EQU SPH=0x3E
                 	.EQU SREG=0x3F
                 
                 	.DEF R0X0=R0
                 	.DEF R0X1=R1
                 	.DEF R0X2=R2
                 	.DEF R0X3=R3
                 	.DEF R0X4=R4
                 	.DEF R0X5=R5
                 	.DEF R0X6=R6
                 	.DEF R0X7=R7
                 	.DEF R0X8=R8
                 	.DEF R0X9=R9
                 	.DEF R0XA=R10
                 	.DEF R0XB=R11
                 	.DEF R0XC=R12
                 	.DEF R0XD=R13
                 	.DEF R0XE=R14
                 	.DEF R0XF=R15
                 	.DEF R0X10=R16
                 	.DEF R0X11=R17
                 	.DEF R0X12=R18
                 	.DEF R0X13=R19
                 	.DEF R0X14=R20
                 	.DEF R0X15=R21
                 	.DEF R0X16=R22
                 	.DEF R0X17=R23
                 	.DEF R0X18=R24
                 	.DEF R0X19=R25
                 	.DEF R0X1A=R26
                 	.DEF R0X1B=R27
                 	.DEF R0X1C=R28
                 	.DEF R0X1D=R29
                 	.DEF R0X1E=R30
                 	.DEF R0X1F=R31
                 
                 	.EQU __SRAM_START=0x0060
                 	.EQU __SRAM_END=0x045F
                 	.EQU __DSTACK_SIZE=0x0100
                 	.EQU __HEAP_SIZE=0x0000
                 	.EQU __CLEAR_SRAM_SIZE=__SRAM_END-__SRAM_START+1
                 
                 	.MACRO __CPD1N
                 	CPI  R30,LOW(@0)
                 	LDI  R26,HIGH(@0)
                 	CPC  R31,R26
                 	LDI  R26,BYTE3(@0)
                 	CPC  R22,R26
                 	LDI  R26,BYTE4(@0)
                 	CPC  R23,R26
                 	.ENDM
                 
                 	.MACRO __CPD2N
                 	CPI  R26,LOW(@0)
                 	LDI  R30,HIGH(@0)
                 	CPC  R27,R30
                 	LDI  R30,BYTE3(@0)
                 	CPC  R24,R30
                 	LDI  R30,BYTE4(@0)
                 	CPC  R25,R30
                 	.ENDM
                 
                 	.MACRO __CPWRR
                 	CP   R@0,R@2
                 	CPC  R@1,R@3
                 	.ENDM
                 
                 	.MACRO __CPWRN
                 	CPI  R@0,LOW(@2)
                 	LDI  R30,HIGH(@2)
                 	CPC  R@1,R30
                 	.ENDM
                 
                 	.MACRO __ADDB1MN
                 	SUBI R30,LOW(-@0-(@1))
                 	.ENDM
                 
                 	.MACRO __ADDB2MN
                 	SUBI R26,LOW(-@0-(@1))
                 	.ENDM
                 
                 	.MACRO __ADDW1MN
                 	SUBI R30,LOW(-@0-(@1))
                 	SBCI R31,HIGH(-@0-(@1))
                 	.ENDM
                 
                 	.MACRO __ADDW2MN
                 	SUBI R26,LOW(-@0-(@1))
                 	SBCI R27,HIGH(-@0-(@1))
                 	.ENDM
                 
                 	.MACRO __ADDW1FN
                 	SUBI R30,LOW(-2*@0-(@1))
                 	SBCI R31,HIGH(-2*@0-(@1))
                 	.ENDM
                 
                 	.MACRO __ADDD1FN
                 	SUBI R30,LOW(-2*@0-(@1))
                 	SBCI R31,HIGH(-2*@0-(@1))
                 	SBCI R22,BYTE3(-2*@0-(@1))
                 	.ENDM
                 
                 	.MACRO __ADDD1N
                 	SUBI R30,LOW(-@0)
                 	SBCI R31,HIGH(-@0)
                 	SBCI R22,BYTE3(-@0)
                 	SBCI R23,BYTE4(-@0)
                 	.ENDM
                 
                 	.MACRO __ADDD2N
                 	SUBI R26,LOW(-@0)
                 	SBCI R27,HIGH(-@0)
                 	SBCI R24,BYTE3(-@0)
                 	SBCI R25,BYTE4(-@0)
                 	.ENDM
                 
                 	.MACRO __SUBD1N
                 	SUBI R30,LOW(@0)
                 	SBCI R31,HIGH(@0)
                 	SBCI R22,BYTE3(@0)
                 	SBCI R23,BYTE4(@0)
                 	.ENDM
                 
                 	.MACRO __SUBD2N
                 	SUBI R26,LOW(@0)
                 	SBCI R27,HIGH(@0)
                 	SBCI R24,BYTE3(@0)
                 	SBCI R25,BYTE4(@0)
                 	.ENDM
                 
                 	.MACRO __ANDBMNN
                 	LDS  R30,@0+(@1)
                 	ANDI R30,LOW(@2)
                 	STS  @0+(@1),R30
                 	.ENDM
                 
                 	.MACRO __ANDWMNN
                 	LDS  R30,@0+(@1)
                 	ANDI R30,LOW(@2)
                 	STS  @0+(@1),R30
                 	LDS  R30,@0+(@1)+1
                 	ANDI R30,HIGH(@2)
                 	STS  @0+(@1)+1,R30
                 	.ENDM
                 
                 	.MACRO __ANDD1N
                 	ANDI R30,LOW(@0)
                 	ANDI R31,HIGH(@0)
                 	ANDI R22,BYTE3(@0)
                 	ANDI R23,BYTE4(@0)
                 	.ENDM
                 
                 	.MACRO __ANDD2N
                 	ANDI R26,LOW(@0)
                 	ANDI R27,HIGH(@0)
                 	ANDI R24,BYTE3(@0)
                 	ANDI R25,BYTE4(@0)
                 	.ENDM
                 
                 	.MACRO __ORBMNN
                 	LDS  R30,@0+(@1)
                 	ORI  R30,LOW(@2)
                 	STS  @0+(@1),R30
                 	.ENDM
                 
                 	.MACRO __ORWMNN
                 	LDS  R30,@0+(@1)
                 	ORI  R30,LOW(@2)
                 	STS  @0+(@1),R30
                 	LDS  R30,@0+(@1)+1
                 	ORI  R30,HIGH(@2)
                 	STS  @0+(@1)+1,R30
                 	.ENDM
                 
                 	.MACRO __ORD1N
                 	ORI  R30,LOW(@0)
                 	ORI  R31,HIGH(@0)
                 	ORI  R22,BYTE3(@0)
                 	ORI  R23,BYTE4(@0)
                 	.ENDM
                 
                 	.MACRO __ORD2N
                 	ORI  R26,LOW(@0)
                 	ORI  R27,HIGH(@0)
                 	ORI  R24,BYTE3(@0)
                 	ORI  R25,BYTE4(@0)
                 	.ENDM
                 
                 	.MACRO __DELAY_USB
                 	LDI  R24,LOW(@0)
                 __DELAY_USB_LOOP:
                 	DEC  R24
                 	BRNE __DELAY_USB_LOOP
                 	.ENDM
                 
                 	.MACRO __DELAY_USW
                 	LDI  R24,LOW(@0)
                 	LDI  R25,HIGH(@0)
                 __DELAY_USW_LOOP:
                 	SBIW R24,1
                 	BRNE __DELAY_USW_LOOP
                 	.ENDM
                 
                 	.MACRO __GETD1S
                 	LDD  R30,Y+@0
                 	LDD  R31,Y+@0+1
                 	LDD  R22,Y+@0+2
                 	LDD  R23,Y+@0+3
                 	.ENDM
                 
                 	.MACRO __GETD2S
                 	LDD  R26,Y+@0
                 	LDD  R27,Y+@0+1
                 	LDD  R24,Y+@0+2
                 	LDD  R25,Y+@0+3
                 	.ENDM
                 
                 	.MACRO __PUTD1S
                 	STD  Y+@0,R30
                 	STD  Y+@0+1,R31
                 	STD  Y+@0+2,R22
                 	STD  Y+@0+3,R23
                 	.ENDM
                 
                 	.MACRO __PUTD2S
                 	STD  Y+@0,R26
                 	STD  Y+@0+1,R27
                 	STD  Y+@0+2,R24
                 	STD  Y+@0+3,R25
                 	.ENDM
                 
                 	.MACRO __PUTDZ2
                 	STD  Z+@0,R26
                 	STD  Z+@0+1,R27
                 	STD  Z+@0+2,R24
                 	STD  Z+@0+3,R25
                 	.ENDM
                 
                 	.MACRO __CLRD1S
                 	STD  Y+@0,R30
                 	STD  Y+@0+1,R30
                 	STD  Y+@0+2,R30
                 	STD  Y+@0+3,R30
                 	.ENDM
                 
                 	.MACRO __POINTB1MN
                 	LDI  R30,LOW(@0+(@1))
                 	.ENDM
                 
                 	.MACRO __POINTW1MN
                 	LDI  R30,LOW(@0+(@1))
                 	LDI  R31,HIGH(@0+(@1))
                 	.ENDM
                 
                 	.MACRO __POINTD1M
                 	LDI  R30,LOW(@0)
                 	LDI  R31,HIGH(@0)
                 	LDI  R22,BYTE3(@0)
                 	LDI  R23,BYTE4(@0)
                 	.ENDM
                 
                 	.MACRO __POINTW1FN
                 	LDI  R30,LOW(2*@0+(@1))
                 	LDI  R31,HIGH(2*@0+(@1))
                 	.ENDM
                 
                 	.MACRO __POINTD1FN
                 	LDI  R30,LOW(2*@0+(@1))
                 	LDI  R31,HIGH(2*@0+(@1))
                 	LDI  R22,BYTE3(2*@0+(@1))
                 	LDI  R23,BYTE4(2*@0+(@1))
                 	.ENDM
                 
                 	.MACRO __POINTB2MN
                 	LDI  R26,LOW(@0+(@1))
                 	.ENDM
                 
                 	.MACRO __POINTW2MN
                 	LDI  R26,LOW(@0+(@1))
                 	LDI  R27,HIGH(@0+(@1))
                 	.ENDM
                 
                 	.MACRO __POINTW2FN
                 	LDI  R26,LOW(2*@0+(@1))
                 	LDI  R27,HIGH(2*@0+(@1))
                 	.ENDM
                 
                 	.MACRO __POINTD2FN
                 	LDI  R26,LOW(2*@0+(@1))
                 	LDI  R27,HIGH(2*@0+(@1))
                 	LDI  R24,BYTE3(2*@0+(@1))
                 	LDI  R25,BYTE4(2*@0+(@1))
                 	.ENDM
                 
                 	.MACRO __POINTBRM
                 	LDI  R@0,LOW(@1)
                 	.ENDM
                 
                 	.MACRO __POINTWRM
                 	LDI  R@0,LOW(@2)
                 	LDI  R@1,HIGH(@2)
                 	.ENDM
                 
                 	.MACRO __POINTBRMN
                 	LDI  R@0,LOW(@1+(@2))
                 	.ENDM
                 
                 	.MACRO __POINTWRMN
                 	LDI  R@0,LOW(@2+(@3))
                 	LDI  R@1,HIGH(@2+(@3))
                 	.ENDM
                 
                 	.MACRO __POINTWRFN
                 	LDI  R@0,LOW(@2*2+(@3))
                 	LDI  R@1,HIGH(@2*2+(@3))
                 	.ENDM
                 
                 	.MACRO __GETD1N
                 	LDI  R30,LOW(@0)
                 	LDI  R31,HIGH(@0)
                 	LDI  R22,BYTE3(@0)
                 	LDI  R23,BYTE4(@0)
                 	.ENDM
                 
                 	.MACRO __GETD2N
                 	LDI  R26,LOW(@0)
                 	LDI  R27,HIGH(@0)
                 	LDI  R24,BYTE3(@0)
                 	LDI  R25,BYTE4(@0)
                 	.ENDM
                 
                 	.MACRO __GETB1MN
                 	LDS  R30,@0+(@1)
                 	.ENDM
                 
                 	.MACRO __GETB1HMN
                 	LDS  R31,@0+(@1)
                 	.ENDM
                 
                 	.MACRO __GETW1MN
                 	LDS  R30,@0+(@1)
                 	LDS  R31,@0+(@1)+1
                 	.ENDM
                 
                 	.MACRO __GETD1MN
                 	LDS  R30,@0+(@1)
                 	LDS  R31,@0+(@1)+1
                 	LDS  R22,@0+(@1)+2
                 	LDS  R23,@0+(@1)+3
                 	.ENDM
                 
                 	.MACRO __GETBRMN
                 	LDS  R@0,@1+(@2)
                 	.ENDM
                 
                 	.MACRO __GETWRMN
                 	LDS  R@0,@2+(@3)
                 	LDS  R@1,@2+(@3)+1
                 	.ENDM
                 
                 	.MACRO __GETWRZ
                 	LDD  R@0,Z+@2
                 	LDD  R@1,Z+@2+1
                 	.ENDM
                 
                 	.MACRO __GETD2Z
                 	LDD  R26,Z+@0
                 	LDD  R27,Z+@0+1
                 	LDD  R24,Z+@0+2
                 	LDD  R25,Z+@0+3
                 	.ENDM
                 
                 	.MACRO __GETB2MN
                 	LDS  R26,@0+(@1)
                 	.ENDM
                 
                 	.MACRO __GETW2MN
                 	LDS  R26,@0+(@1)
                 	LDS  R27,@0+(@1)+1
                 	.ENDM
                 
                 	.MACRO __GETD2MN
                 	LDS  R26,@0+(@1)
                 	LDS  R27,@0+(@1)+1
                 	LDS  R24,@0+(@1)+2
                 	LDS  R25,@0+(@1)+3
                 	.ENDM
                 
                 	.MACRO __PUTB1MN
                 	STS  @0+(@1),R30
                 	.ENDM
                 
                 	.MACRO __PUTW1MN
                 	STS  @0+(@1),R30
                 	STS  @0+(@1)+1,R31
                 	.ENDM
                 
                 	.MACRO __PUTD1MN
                 	STS  @0+(@1),R30
                 	STS  @0+(@1)+1,R31
                 	STS  @0+(@1)+2,R22
                 	STS  @0+(@1)+3,R23
                 	.ENDM
                 
                 	.MACRO __PUTB1EN
                 	LDI  R26,LOW(@0+(@1))
                 	LDI  R27,HIGH(@0+(@1))
                 	CALL __EEPROMWRB
                 	.ENDM
                 
                 	.MACRO __PUTW1EN
                 	LDI  R26,LOW(@0+(@1))
                 	LDI  R27,HIGH(@0+(@1))
                 	CALL __EEPROMWRW
                 	.ENDM
                 
                 	.MACRO __PUTD1EN
                 	LDI  R26,LOW(@0+(@1))
                 	LDI  R27,HIGH(@0+(@1))
                 	CALL __EEPROMWRD
                 	.ENDM
                 
                 	.MACRO __PUTBR0MN
                 	STS  @0+(@1),R0
                 	.ENDM
                 
                 	.MACRO __PUTBMRN
                 	STS  @0+(@1),R@2
                 	.ENDM
                 
                 	.MACRO __PUTWMRN
                 	STS  @0+(@1),R@2
                 	STS  @0+(@1)+1,R@3
                 	.ENDM
                 
                 	.MACRO __PUTBZR
                 	STD  Z+@1,R@0
                 	.ENDM
                 
                 	.MACRO __PUTWZR
                 	STD  Z+@2,R@0
                 	STD  Z+@2+1,R@1
                 	.ENDM
                 
                 	.MACRO __GETW1R
                 	MOV  R30,R@0
                 	MOV  R31,R@1
                 	.ENDM
                 
                 	.MACRO __GETW2R
                 	MOV  R26,R@0
                 	MOV  R27,R@1
                 	.ENDM
                 
                 	.MACRO __GETWRN
                 	LDI  R@0,LOW(@2)
                 	LDI  R@1,HIGH(@2)
                 	.ENDM
                 
                 	.MACRO __PUTW1R
                 	MOV  R@0,R30
                 	MOV  R@1,R31
                 	.ENDM
                 
                 	.MACRO __PUTW2R
                 	MOV  R@0,R26
                 	MOV  R@1,R27
                 	.ENDM
                 
                 	.MACRO __ADDWRN
                 	SUBI R@0,LOW(-@2)
                 	SBCI R@1,HIGH(-@2)
                 	.ENDM
                 
                 	.MACRO __ADDWRR
                 	ADD  R@0,R@2
                 	ADC  R@1,R@3
                 	.ENDM
                 
                 	.MACRO __SUBWRN
                 	SUBI R@0,LOW(@2)
                 	SBCI R@1,HIGH(@2)
                 	.ENDM
                 
                 	.MACRO __SUBWRR
                 	SUB  R@0,R@2
                 	SBC  R@1,R@3
                 	.ENDM
                 
                 	.MACRO __ANDWRN
                 	ANDI R@0,LOW(@2)
                 	ANDI R@1,HIGH(@2)
                 	.ENDM
                 
                 	.MACRO __ANDWRR
                 	AND  R@0,R@2
                 	AND  R@1,R@3
                 	.ENDM
                 
                 	.MACRO __ORWRN
                 	ORI  R@0,LOW(@2)
                 	ORI  R@1,HIGH(@2)
                 	.ENDM
                 
                 	.MACRO __ORWRR
                 	OR   R@0,R@2
                 	OR   R@1,R@3
                 	.ENDM
                 
                 	.MACRO __EORWRR
                 	EOR  R@0,R@2
                 	EOR  R@1,R@3
                 	.ENDM
                 
                 	.MACRO __GETWRS
                 	LDD  R@0,Y+@2
                 	LDD  R@1,Y+@2+1
                 	.ENDM
                 
                 	.MACRO __PUTBSR
                 	STD  Y+@1,R@0
                 	.ENDM
                 
                 	.MACRO __PUTWSR
                 	STD  Y+@2,R@0
                 	STD  Y+@2+1,R@1
                 	.ENDM
                 
                 	.MACRO __MOVEWRR
                 	MOV  R@0,R@2
                 	MOV  R@1,R@3
                 	.ENDM
                 
                 	.MACRO __INWR
                 	IN   R@0,@2
                 	IN   R@1,@2+1
                 	.ENDM
                 
                 	.MACRO __OUTWR
                 	OUT  @2+1,R@1
                 	OUT  @2,R@0
                 	.ENDM
                 
                 	.MACRO __CALL1MN
                 	LDS  R30,@0+(@1)
                 	LDS  R31,@0+(@1)+1
                 	ICALL
                 	.ENDM
                 
                 	.MACRO __CALL1FN
                 	LDI  R30,LOW(2*@0+(@1))
                 	LDI  R31,HIGH(2*@0+(@1))
                 	CALL __GETW1PF
                 	ICALL
                 	.ENDM
                 
                 	.MACRO __CALL2EN
                 	PUSH R26
                 	PUSH R27
                 	LDI  R26,LOW(@0+(@1))
                 	LDI  R27,HIGH(@0+(@1))
                 	CALL __EEPROMRDW
                 	POP  R27
                 	POP  R26
                 	ICALL
                 	.ENDM
                 
                 	.MACRO __CALL2EX
                 	SUBI R26,LOW(-@0)
                 	SBCI R27,HIGH(-@0)
                 	CALL __EEPROMRDD
                 	ICALL
                 	.ENDM
                 
                 	.MACRO __GETW1STACK
                 	IN   R30,SPL
                 	IN   R31,SPH
                 	ADIW R30,@0+1
                 	LD   R0,Z+
                 	LD   R31,Z
                 	MOV  R30,R0
                 	.ENDM
                 
                 	.MACRO __GETD1STACK
                 	IN   R30,SPL
                 	IN   R31,SPH
                 	ADIW R30,@0+1
                 	LD   R0,Z+
                 	LD   R1,Z+
                 	LD   R22,Z
                 	MOVW R30,R0
                 	.ENDM
                 
                 	.MACRO __NBST
                 	BST  R@0,@1
                 	IN   R30,SREG
                 	LDI  R31,0x40
                 	EOR  R30,R31
                 	OUT  SREG,R30
                 	.ENDM
                 
                 
                 	.MACRO __PUTB1SN
                 	LDD  R26,Y+@0
                 	LDD  R27,Y+@0+1
                 	SUBI R26,LOW(-@1)
                 	SBCI R27,HIGH(-@1)
                 	ST   X,R30
                 	.ENDM
                 
                 	.MACRO __PUTW1SN
                 	LDD  R26,Y+@0
                 	LDD  R27,Y+@0+1
                 	SUBI R26,LOW(-@1)
                 	SBCI R27,HIGH(-@1)
                 	ST   X+,R30
                 	ST   X,R31
                 	.ENDM
                 
                 	.MACRO __PUTD1SN
                 	LDD  R26,Y+@0
                 	LDD  R27,Y+@0+1
                 	SUBI R26,LOW(-@1)
                 	SBCI R27,HIGH(-@1)
                 	CALL __PUTDP1
                 	.ENDM
                 
                 	.MACRO __PUTB1SNS
                 	LDD  R26,Y+@0
                 	LDD  R27,Y+@0+1
                 	ADIW R26,@1
                 	ST   X,R30
                 	.ENDM
                 
                 	.MACRO __PUTW1SNS
                 	LDD  R26,Y+@0
                 	LDD  R27,Y+@0+1
                 	ADIW R26,@1
                 	ST   X+,R30
                 	ST   X,R31
                 	.ENDM
                 
                 	.MACRO __PUTD1SNS
                 	LDD  R26,Y+@0
                 	LDD  R27,Y+@0+1
                 	ADIW R26,@1
                 	CALL __PUTDP1
                 	.ENDM
                 
                 	.MACRO __PUTB1PMN
                 	LDS  R26,@0
                 	LDS  R27,@0+1
                 	SUBI R26,LOW(-@1)
                 	SBCI R27,HIGH(-@1)
                 	ST   X,R30
                 	.ENDM
                 
                 	.MACRO __PUTW1PMN
                 	LDS  R26,@0
                 	LDS  R27,@0+1
                 	SUBI R26,LOW(-@1)
                 	SBCI R27,HIGH(-@1)
                 	ST   X+,R30
                 	ST   X,R31
                 	.ENDM
                 
                 	.MACRO __PUTD1PMN
                 	LDS  R26,@0
                 	LDS  R27,@0+1
                 	SUBI R26,LOW(-@1)
                 	SBCI R27,HIGH(-@1)
                 	CALL __PUTDP1
                 	.ENDM
                 
                 	.MACRO __PUTB1PMNS
                 	LDS  R26,@0
                 	LDS  R27,@0+1
                 	ADIW R26,@1
                 	ST   X,R30
                 	.ENDM
                 
                 	.MACRO __PUTW1PMNS
                 	LDS  R26,@0
                 	LDS  R27,@0+1
                 	ADIW R26,@1
                 	ST   X+,R30
                 	ST   X,R31
                 	.ENDM
                 
                 	.MACRO __PUTD1PMNS
                 	LDS  R26,@0
                 	LDS  R27,@0+1
                 	ADIW R26,@1
                 	CALL __PUTDP1
                 	.ENDM
                 
                 	.MACRO __PUTB1RN
                 	MOVW R26,R@0
                 	SUBI R26,LOW(-@1)
                 	SBCI R27,HIGH(-@1)
                 	ST   X,R30
                 	.ENDM
                 
                 	.MACRO __PUTW1RN
                 	MOVW R26,R@0
                 	SUBI R26,LOW(-@1)
                 	SBCI R27,HIGH(-@1)
                 	ST   X+,R30
                 	ST   X,R31
                 	.ENDM
                 
                 	.MACRO __PUTD1RN
                 	MOVW R26,R@0
                 	SUBI R26,LOW(-@1)
                 	SBCI R27,HIGH(-@1)
                 	CALL __PUTDP1
                 	.ENDM
                 
                 	.MACRO __PUTB1RNS
                 	MOVW R26,R@0
                 	ADIW R26,@1
                 	ST   X,R30
                 	.ENDM
                 
                 	.MACRO __PUTW1RNS
                 	MOVW R26,R@0
                 	ADIW R26,@1
                 	ST   X+,R30
                 	ST   X,R31
                 	.ENDM
                 
                 	.MACRO __PUTD1RNS
                 	MOVW R26,R@0
                 	ADIW R26,@1
                 	CALL __PUTDP1
                 	.ENDM
                 
                 	.MACRO __PUTB1RON
                 	MOV  R26,R@0
                 	MOV  R27,R@1
                 	SUBI R26,LOW(-@2)
                 	SBCI R27,HIGH(-@2)
                 	ST   X,R30
                 	.ENDM
                 
                 	.MACRO __PUTW1RON
                 	MOV  R26,R@0
                 	MOV  R27,R@1
                 	SUBI R26,LOW(-@2)
                 	SBCI R27,HIGH(-@2)
                 	ST   X+,R30
                 	ST   X,R31
                 	.ENDM
                 
                 	.MACRO __PUTD1RON
                 	MOV  R26,R@0
                 	MOV  R27,R@1
                 	SUBI R26,LOW(-@2)
                 	SBCI R27,HIGH(-@2)
                 	CALL __PUTDP1
                 	.ENDM
                 
                 	.MACRO __PUTB1RONS
                 	MOV  R26,R@0
                 	MOV  R27,R@1
                 	ADIW R26,@2
                 	ST   X,R30
                 	.ENDM
                 
                 	.MACRO __PUTW1RONS
                 	MOV  R26,R@0
                 	MOV  R27,R@1
                 	ADIW R26,@2
                 	ST   X+,R30
                 	ST   X,R31
                 	.ENDM
                 
                 	.MACRO __PUTD1RONS
                 	MOV  R26,R@0
                 	MOV  R27,R@1
                 	ADIW R26,@2
                 	CALL __PUTDP1
                 	.ENDM
                 
                 
                 	.MACRO __GETB1SX
                 	MOVW R30,R28
                 	SUBI R30,LOW(-@0)
                 	SBCI R31,HIGH(-@0)
                 	LD   R30,Z
                 	.ENDM
                 
                 	.MACRO __GETB1HSX
                 	MOVW R30,R28
                 	SUBI R30,LOW(-@0)
                 	SBCI R31,HIGH(-@0)
                 	LD   R31,Z
                 	.ENDM
                 
                 	.MACRO __GETW1SX
                 	MOVW R30,R28
                 	SUBI R30,LOW(-@0)
                 	SBCI R31,HIGH(-@0)
                 	LD   R0,Z+
                 	LD   R31,Z
                 	MOV  R30,R0
                 	.ENDM
                 
                 	.MACRO __GETD1SX
                 	MOVW R30,R28
                 	SUBI R30,LOW(-@0)
                 	SBCI R31,HIGH(-@0)
                 	LD   R0,Z+
                 	LD   R1,Z+
                 	LD   R22,Z+
                 	LD   R23,Z
                 	MOVW R30,R0
                 	.ENDM
                 
                 	.MACRO __GETB2SX
                 	MOVW R26,R28
                 	SUBI R26,LOW(-@0)
                 	SBCI R27,HIGH(-@0)
                 	LD   R26,X
                 	.ENDM
                 
                 	.MACRO __GETW2SX
                 	MOVW R26,R28
                 	SUBI R26,LOW(-@0)
                 	SBCI R27,HIGH(-@0)
                 	LD   R0,X+
                 	LD   R27,X
                 	MOV  R26,R0
                 	.ENDM
                 
                 	.MACRO __GETD2SX
                 	MOVW R26,R28
                 	SUBI R26,LOW(-@0)
                 	SBCI R27,HIGH(-@0)
                 	LD   R0,X+
                 	LD   R1,X+
                 	LD   R24,X+
                 	LD   R25,X
                 	MOVW R26,R0
                 	.ENDM
                 
                 	.MACRO __GETBRSX
                 	MOVW R30,R28
                 	SUBI R30,LOW(-@1)
                 	SBCI R31,HIGH(-@1)
                 	LD   R@0,Z
                 	.ENDM
                 
                 	.MACRO __GETWRSX
                 	MOVW R30,R28
                 	SUBI R30,LOW(-@2)
                 	SBCI R31,HIGH(-@2)
                 	LD   R@0,Z+
                 	LD   R@1,Z
                 	.ENDM
                 
                 	.MACRO __GETBRSX2
                 	MOVW R26,R28
                 	SUBI R26,LOW(-@1)
                 	SBCI R27,HIGH(-@1)
                 	LD   R@0,X
                 	.ENDM
                 
                 	.MACRO __GETWRSX2
                 	MOVW R26,R28
                 	SUBI R26,LOW(-@2)
                 	SBCI R27,HIGH(-@2)
                 	LD   R@0,X+
                 	LD   R@1,X
                 	.ENDM
                 
                 	.MACRO __LSLW8SX
                 	MOVW R30,R28
                 	SUBI R30,LOW(-@0)
                 	SBCI R31,HIGH(-@0)
                 	LD   R31,Z
                 	CLR  R30
                 	.ENDM
                 
                 	.MACRO __PUTB1SX
                 	MOVW R26,R28
                 	SUBI R26,LOW(-@0)
                 	SBCI R27,HIGH(-@0)
                 	ST   X,R30
                 	.ENDM
                 
                 	.MACRO __PUTW1SX
                 	MOVW R26,R28
                 	SUBI R26,LOW(-@0)
                 	SBCI R27,HIGH(-@0)
                 	ST   X+,R30
                 	ST   X,R31
                 	.ENDM
                 
                 	.MACRO __PUTD1SX
                 	MOVW R26,R28
                 	SUBI R26,LOW(-@0)
                 	SBCI R27,HIGH(-@0)
                 	ST   X+,R30
                 	ST   X+,R31
                 	ST   X+,R22
                 	ST   X,R23
                 	.ENDM
                 
                 	.MACRO __CLRW1SX
                 	MOVW R26,R28
                 	SUBI R26,LOW(-@0)
                 	SBCI R27,HIGH(-@0)
                 	ST   X+,R30
                 	ST   X,R30
                 	.ENDM
                 
                 	.MACRO __CLRD1SX
                 	MOVW R26,R28
                 	SUBI R26,LOW(-@0)
                 	SBCI R27,HIGH(-@0)
                 	ST   X+,R30
                 	ST   X+,R30
                 	ST   X+,R30
                 	ST   X,R30
                 	.ENDM
                 
                 	.MACRO __PUTB2SX
                 	MOVW R30,R28
                 	SUBI R30,LOW(-@0)
                 	SBCI R31,HIGH(-@0)
                 	ST   Z,R26
                 	.ENDM
                 
                 	.MACRO __PUTW2SX
                 	MOVW R30,R28
                 	SUBI R30,LOW(-@0)
                 	SBCI R31,HIGH(-@0)
                 	ST   Z+,R26
                 	ST   Z,R27
                 	.ENDM
                 
                 	.MACRO __PUTD2SX
                 	MOVW R30,R28
                 	SUBI R30,LOW(-@0)
                 	SBCI R31,HIGH(-@0)
                 	ST   Z+,R26
                 	ST   Z+,R27
                 	ST   Z+,R24
                 	ST   Z,R25
                 	.ENDM
                 
                 	.MACRO __PUTBSRX
                 	MOVW R30,R28
                 	SUBI R30,LOW(-@1)
                 	SBCI R31,HIGH(-@1)
                 	ST   Z,R@0
                 	.ENDM
                 
                 	.MACRO __PUTWSRX
                 	MOVW R30,R28
                 	SUBI R30,LOW(-@2)
                 	SBCI R31,HIGH(-@2)
                 	ST   Z+,R@0
                 	ST   Z,R@1
                 	.ENDM
                 
                 	.MACRO __PUTB1SNX
                 	MOVW R26,R28
                 	SUBI R26,LOW(-@0)
                 	SBCI R27,HIGH(-@0)
                 	LD   R0,X+
                 	LD   R27,X
                 	MOV  R26,R0
                 	SUBI R26,LOW(-@1)
                 	SBCI R27,HIGH(-@1)
                 	ST   X,R30
                 	.ENDM
                 
                 	.MACRO __PUTW1SNX
                 	MOVW R26,R28
                 	SUBI R26,LOW(-@0)
                 	SBCI R27,HIGH(-@0)
                 	LD   R0,X+
                 	LD   R27,X
                 	MOV  R26,R0
                 	SUBI R26,LOW(-@1)
                 	SBCI R27,HIGH(-@1)
                 	ST   X+,R30
                 	ST   X,R31
                 	.ENDM
                 
                 	.MACRO __PUTD1SNX
                 	MOVW R26,R28
                 	SUBI R26,LOW(-@0)
                 	SBCI R27,HIGH(-@0)
                 	LD   R0,X+
                 	LD   R27,X
                 	MOV  R26,R0
                 	SUBI R26,LOW(-@1)
                 	SBCI R27,HIGH(-@1)
                 	ST   X+,R30
                 	ST   X+,R31
                 	ST   X+,R22
                 	ST   X,R23
                 	.ENDM
                 
                 	.MACRO __MULBRR
                 	MULS R@0,R@1
                 	MOVW R30,R0
                 	.ENDM
                 
                 	.MACRO __MULBRRU
                 	MUL  R@0,R@1
                 	MOVW R30,R0
                 	.ENDM
                 
                 	.MACRO __MULBRR0
                 	MULS R@0,R@1
                 	.ENDM
                 
                 	.MACRO __MULBRRU0
                 	MUL  R@0,R@1
                 	.ENDM
                 
                 	.MACRO __MULBNWRU
                 	LDI  R26,@2
                 	MUL  R26,R@0
                 	MOVW R30,R0
                 	MUL  R26,R@1
                 	ADD  R31,R0
                 	.ENDM
                 
                 ;NAME DEFINITIONS FOR GLOBAL VARIABLES ALLOCATED TO REGISTERS
                 	.DEF __lcd_x=R5
                 	.DEF __lcd_y=R4
                 	.DEF __lcd_maxx=R7
                 
                 	.CSEG
                 	.ORG 0x00
                 
                 ;START OF CODE MARKER
                 __START_OF_CODE:
                 
                 ;INTERRUPT VECTORS
000000 940c 003b 	JMP  __RESET
000002 940c 0000 	JMP  0x00
000004 940c 0000 	JMP  0x00
000006 940c 0000 	JMP  0x00
000008 940c 0000 	JMP  0x00
00000a 940c 0000 	JMP  0x00
00000c 940c 0000 	JMP  0x00
00000e 940c 0000 	JMP  0x00
000010 940c 0000 	JMP  0x00
000012 940c 0000 	JMP  0x00
000014 940c 0000 	JMP  0x00
000016 940c 0000 	JMP  0x00
000018 940c 0000 	JMP  0x00
00001a 940c 0000 	JMP  0x00
00001c 940c 0000 	JMP  0x00
00001e 940c 0000 	JMP  0x00
000020 940c 0000 	JMP  0x00
000022 940c 0000 	JMP  0x00
000024 940c 0000 	JMP  0x00
000026 940c 0000 	JMP  0x00
000028 940c 0000 	JMP  0x00
                 
                 _tbl10_G100:
00002a 2710
00002b 03e8
00002c 0064
00002d 000a      	.DB  0x10,0x27,0xE8,0x3,0x64,0x0,0xA,0x0
00002e 0001      	.DB  0x1,0x0
                 _tbl16_G100:
00002f 1000
000030 0100
000031 0010
000032 0001      	.DB  0x0,0x10,0x0,0x1,0x10,0x0,0x1,0x0
                 
                 _0x0:
000033 6425
000034 2020
E:\projects\GitUpload\AVRProjects\10-Last_Project_FireEngine\Debug\List\FireEngine.asm(1128): warning: .cseg .db misalignment - padding zero byte
000035 0000      	.DB  0x25,0x64,0x20,0x20,0x0
                 _0x2020003:
000036 c080      	.DB  0x80,0xC0
                 
                 __GLOBAL_INI_TBL:
000037 0002      	.DW  0x02
000038 0160      	.DW  __base_y_G101
000039 006c      	.DW  _0x2020003*2
                 
                 _0xFFFFFFFF:
00003a 0000      	.DW  0
                 
                 #define __GLOBAL_INI_TBL_PRESENT 1
                 
                 __RESET:
00003b 94f8      	CLI
00003c 27ee      	CLR  R30
00003d bbec      	OUT  EECR,R30
                 
                 ;INTERRUPT VECTORS ARE PLACED
                 ;AT THE START OF FLASH
00003e e0f1      	LDI  R31,1
00003f bffb      	OUT  GICR,R31
000040 bfeb      	OUT  GICR,R30
000041 bfe5      	OUT  MCUCR,R30
                 
                 ;CLEAR R2-R14
000042 e08d      	LDI  R24,(14-2)+1
000043 e0a2      	LDI  R26,2
000044 27bb      	CLR  R27
                 __CLEAR_REG:
000045 93ed      	ST   X+,R30
000046 958a      	DEC  R24
000047 f7e9      	BRNE __CLEAR_REG
                 
                 ;CLEAR SRAM
000048 e080      	LDI  R24,LOW(__CLEAR_SRAM_SIZE)
000049 e094      	LDI  R25,HIGH(__CLEAR_SRAM_SIZE)
00004a e6a0      	LDI  R26,__SRAM_START
                 __CLEAR_SRAM:
00004b 93ed      	ST   X+,R30
00004c 9701      	SBIW R24,1
00004d f7e9      	BRNE __CLEAR_SRAM
                 
                 ;GLOBAL VARIABLES INITIALIZATION
00004e e6ee      	LDI  R30,LOW(__GLOBAL_INI_TBL*2)
00004f e0f0      	LDI  R31,HIGH(__GLOBAL_INI_TBL*2)
                 __GLOBAL_INI_NEXT:
000050 9185      	LPM  R24,Z+
000051 9195      	LPM  R25,Z+
000052 9700      	SBIW R24,0
000053 f061      	BREQ __GLOBAL_INI_END
000054 91a5      	LPM  R26,Z+
000055 91b5      	LPM  R27,Z+
000056 9005      	LPM  R0,Z+
000057 9015      	LPM  R1,Z+
000058 01bf      	MOVW R22,R30
000059 01f0      	MOVW R30,R0
                 __GLOBAL_INI_LOOP:
00005a 9005      	LPM  R0,Z+
00005b 920d      	ST   X+,R0
00005c 9701      	SBIW R24,1
00005d f7e1      	BRNE __GLOBAL_INI_LOOP
00005e 01fb      	MOVW R30,R22
00005f cff0      	RJMP __GLOBAL_INI_NEXT
                 __GLOBAL_INI_END:
                 
                 ;HARDWARE STACK POINTER INITIALIZATION
000060 e5ef      	LDI  R30,LOW(__SRAM_END-__HEAP_SIZE)
000061 bfed      	OUT  SPL,R30
000062 e0e4      	LDI  R30,HIGH(__SRAM_END-__HEAP_SIZE)
000063 bfee      	OUT  SPH,R30
                 
                 ;DATA STACK POINTER INITIALIZATION
000064 e6c0      	LDI  R28,LOW(__SRAM_START+__DSTACK_SIZE)
000065 e0d1      	LDI  R29,HIGH(__SRAM_START+__DSTACK_SIZE)
                 
000066 940c 0076 	JMP  _main
                 
                 	.ESEG
                 	.ORG 0
                 
                 	.DSEG
                 	.ORG 0x160
                 
                 	.CSEG
                 ;/*******************************************************
                 ;This program was created by the
                 ;CodeWizardAVR V3.14 Advanced
                 ;Automatic Program Generator
                 ;© Copyright 1998-2014 Pavel Haiduc, HP InfoTech s.r.l.
                 ;http://www.hpinfotech.com
                 ;
                 ;Project : FireEngine
                 ;Version : 1.0
                 ;Date    : 2019-11-11
                 ;Author  : ZeroBits01
                 ;
                 ;Chip type               : ATmega16
                 ;Program type            : Application
                 ;AVR Core Clock frequency: 1.000000 MHz
                 ;Memory model            : Small
                 ;External RAM size       : 0
                 ;Data Stack size         : 256
                 ;*******************************************************/
                 ;
                 ;#include <mega16.h>
                 	#ifndef __SLEEP_DEFINED__
                 	#define __SLEEP_DEFINED__
                 	.EQU __se_bit=0x40
                 	.EQU __sm_mask=0xB0
                 	.EQU __sm_powerdown=0x20
                 	.EQU __sm_powersave=0x30
                 	.EQU __sm_standby=0xA0
                 	.EQU __sm_ext_standby=0xB0
                 	.EQU __sm_adc_noise_red=0x10
                 	.SET power_ctrl_reg=mcucr
                 	#endif
                 ;#include <stdio.h>
                 ;#include <delay.h>
                 ;
                 ;// Alphanumeric LCD functions
                 ;#include <alcd.h>
                 ;
                 ;// Declare your global variables here
                 ;
                 ;// Voltage Reference: AREF pin
                 ;#define ADC_VREF_TYPE ((0<<REFS1) | (0<<REFS0) | (0<<ADLAR))
                 ;
                 ;// Read the AD conversion result
                 ;unsigned int read_adc(unsigned char adc_input)
                 ; 0000 0023 {
                 
                 	.CSEG
                 _read_adc:
                 ; .FSTART _read_adc
                 ; 0000 0024 ADMUX=adc_input | ADC_VREF_TYPE;
000068 93aa      	ST   -Y,R26
                 ;	adc_input -> Y+0
000069 81e8      	LD   R30,Y
00006a b9e7      	OUT  0x7,R30
                 ; 0000 0025 // Delay needed for the stabilization of the ADC input voltage
                 ; 0000 0026 delay_us(10);
                +
00006b e083     +LDI R24 , LOW ( 3 )
                +__DELAY_USB_LOOP :
00006c 958a     +DEC R24
00006d f7f1     +BRNE __DELAY_USB_LOOP
                 	__DELAY_USB 3
                 ; 0000 0027 // Start the AD conversion
                 ; 0000 0028 ADCSRA|=(1<<ADSC);
00006e 9a36      	SBI  0x6,6
                 ; 0000 0029 // Wait for the AD conversion to complete
                 ; 0000 002A while ((ADCSRA & (1<<ADIF))==0);
                 _0x3:
00006f 9b34      	SBIS 0x6,4
000070 cffe      	RJMP _0x3
                 ; 0000 002B ADCSRA|=(1<<ADIF);
000071 9a34      	SBI  0x6,4
                 ; 0000 002C return ADCW;
000072 b1e4      	IN   R30,0x4
000073 b1f5      	IN   R31,0x4+1
000074 940c 0329 	JMP  _0x2080001
                 ; 0000 002D }
                 ; .FEND
                 ;
                 ;void main(void)
                 ; 0000 0030 {
                 _main:
                 ; .FSTART _main
                 ; 0000 0031 int adc0,adc1,adc2,adc3;
                 ; 0000 0032 char adc[16];
                 ; 0000 0033 DDRA=(0<<DDA7) | (0<<DDA6) | (0<<DDA5) | (0<<DDA4) | (0<<DDA3) | (0<<DDA2) | (0<<DDA1) | (0<<DDA0);
000076 9762      	SBIW R28,18
                 ;	adc0 -> R16,R17
                 ;	adc1 -> R18,R19
                 ;	adc2 -> R20,R21
                 ;	adc3 -> Y+16
                 ;	adc -> Y+0
000077 e0e0      	LDI  R30,LOW(0)
000078 bbea      	OUT  0x1A,R30
                 ; 0000 0034 PORTA=(0<<PORTA7) | (0<<PORTA6) | (0<<PORTA5) | (0<<PORTA4) | (0<<PORTA3) | (0<<PORTA2) | (0<<PORTA1) | (0<<PORTA0);
000079 bbeb      	OUT  0x1B,R30
                 ; 0000 0035 DDRB=(0<<DDB7) | (0<<DDB6) | (0<<DDB5) | (0<<DDB4) | (1<<DDB3) | (0<<DDB2) | (0<<DDB1) | (0<<DDB0);
00007a e0e8      	LDI  R30,LOW(8)
00007b bbe7      	OUT  0x17,R30
                 ; 0000 0036 PORTB=(0<<PORTB7) | (0<<PORTB6) | (0<<PORTB5) | (0<<PORTB4) | (0<<PORTB3) | (0<<PORTB2) | (0<<PORTB1) | (0<<PORTB0);
00007c e0e0      	LDI  R30,LOW(0)
00007d bbe8      	OUT  0x18,R30
                 ; 0000 0037 DDRC=(0<<DDC7) | (0<<DDC6) | (0<<DDC5) | (0<<DDC4) | (0<<DDC3) | (0<<DDC2) | (0<<DDC1) | (0<<DDC0);
00007e bbe4      	OUT  0x14,R30
                 ; 0000 0038 PORTC=(0<<PORTC7) | (0<<PORTC6) | (0<<PORTC5) | (0<<PORTC4) | (0<<PORTC3) | (0<<PORTC2) | (0<<PORTC1) | (0<<PORTC0);
00007f bbe5      	OUT  0x15,R30
                 ; 0000 0039 DDRD=(1<<DDD7) | (0<<DDD6) | (1<<DDD5) | (0<<DDD4) | (0<<DDD3) | (0<<DDD2) | (0<<DDD1) | (0<<DDD0);
000080 eae0      	LDI  R30,LOW(160)
000081 bbe1      	OUT  0x11,R30
                 ; 0000 003A PORTD=(0<<PORTD7) | (0<<PORTD6) | (0<<PORTD5) | (0<<PORTD4) | (0<<PORTD3) | (0<<PORTD2) | (0<<PORTD1) | (0<<PORTD0);
000082 e0e0      	LDI  R30,LOW(0)
000083 bbe2      	OUT  0x12,R30
                 ; 0000 003B TCCR0=(1<<WGM00) | (1<<COM01) | (0<<COM00) | (0<<WGM01) | (1<<CS02) | (0<<CS01) | (0<<CS00);
000084 e6e4      	LDI  R30,LOW(100)
000085 bfe3      	OUT  0x33,R30
                 ; 0000 003C TCNT0=0x00;
000086 e0e0      	LDI  R30,LOW(0)
000087 bfe2      	OUT  0x32,R30
                 ; 0000 003D OCR0=0x00;
000088 bfec      	OUT  0x3C,R30
                 ; 0000 003E TCCR1A=(1<<COM1A1) | (0<<COM1A0) | (0<<COM1B1) | (0<<COM1B0) | (0<<WGM11) | (1<<WGM10);
000089 e8e1      	LDI  R30,LOW(129)
00008a bdef      	OUT  0x2F,R30
                 ; 0000 003F TCCR1B=(0<<ICNC1) | (0<<ICES1) | (0<<WGM13) | (0<<WGM12) | (1<<CS12) | (0<<CS11) | (0<<CS10);
00008b e0e4      	LDI  R30,LOW(4)
00008c bdee      	OUT  0x2E,R30
                 ; 0000 0040 TCNT1H=0x00;
00008d e0e0      	LDI  R30,LOW(0)
00008e bded      	OUT  0x2D,R30
                 ; 0000 0041 TCNT1L=0x00;
00008f bdec      	OUT  0x2C,R30
                 ; 0000 0042 ICR1H=0x00;
000090 bde7      	OUT  0x27,R30
                 ; 0000 0043 ICR1L=0x00;
000091 bde6      	OUT  0x26,R30
                 ; 0000 0044 OCR1AH=0x00;
000092 bdeb      	OUT  0x2B,R30
                 ; 0000 0045 OCR1AL=0x00;
000093 bdea      	OUT  0x2A,R30
                 ; 0000 0046 OCR1BH=0x00;
000094 bde9      	OUT  0x29,R30
                 ; 0000 0047 OCR1BL=0x00;
000095 bde8      	OUT  0x28,R30
                 ; 0000 0048 ASSR=0<<AS2;
000096 bde2      	OUT  0x22,R30
                 ; 0000 0049 TCCR2=(1<<PWM2) | (1<<COM21) | (0<<COM20) | (0<<CTC2) | (1<<CS22) | (1<<CS21) | (0<<CS20);
000097 e6e6      	LDI  R30,LOW(102)
000098 bde5      	OUT  0x25,R30
                 ; 0000 004A TCNT2=0x00;
000099 e0e0      	LDI  R30,LOW(0)
00009a bde4      	OUT  0x24,R30
                 ; 0000 004B OCR2=0x00;
00009b bde3      	OUT  0x23,R30
                 ; 0000 004C TIMSK=(0<<OCIE2) | (0<<TOIE2) | (0<<TICIE1) | (0<<OCIE1A) | (0<<OCIE1B) | (0<<TOIE1) | (0<<OCIE0) | (0<<TOIE0);
00009c bfe9      	OUT  0x39,R30
                 ; 0000 004D MCUCR=(0<<ISC11) | (0<<ISC10) | (0<<ISC01) | (0<<ISC00);
00009d bfe5      	OUT  0x35,R30
                 ; 0000 004E MCUCSR=(0<<ISC2);
00009e bfe4      	OUT  0x34,R30
                 ; 0000 004F UCSRB=(0<<RXCIE) | (0<<TXCIE) | (0<<UDRIE) | (0<<RXEN) | (0<<TXEN) | (0<<UCSZ2) | (0<<RXB8) | (0<<TXB8);
00009f b9ea      	OUT  0xA,R30
                 ; 0000 0050 ACSR=(1<<ACD) | (0<<ACBG) | (0<<ACO) | (0<<ACI) | (0<<ACIE) | (0<<ACIC) | (0<<ACIS1) | (0<<ACIS0);
0000a0 e8e0      	LDI  R30,LOW(128)
0000a1 b9e8      	OUT  0x8,R30
                 ; 0000 0051 ADMUX=ADC_VREF_TYPE;
0000a2 e0e0      	LDI  R30,LOW(0)
0000a3 b9e7      	OUT  0x7,R30
                 ; 0000 0052 ADCSRA=(1<<ADEN) | (0<<ADSC) | (0<<ADATE) | (0<<ADIF) | (0<<ADIE) | (0<<ADPS2) | (0<<ADPS1) | (1<<ADPS0);
0000a4 e8e1      	LDI  R30,LOW(129)
0000a5 b9e6      	OUT  0x6,R30
                 ; 0000 0053 SFIOR=(0<<ADTS2) | (0<<ADTS1) | (0<<ADTS0);
0000a6 e0e0      	LDI  R30,LOW(0)
0000a7 bfe0      	OUT  0x30,R30
                 ; 0000 0054 SPCR=(0<<SPIE) | (0<<SPE) | (0<<DORD) | (0<<MSTR) | (0<<CPOL) | (0<<CPHA) | (0<<SPR1) | (0<<SPR0);
0000a8 b9ed      	OUT  0xD,R30
                 ; 0000 0055 TWCR=(0<<TWEA) | (0<<TWSTA) | (0<<TWSTO) | (0<<TWEN) | (0<<TWIE);
0000a9 bfe6      	OUT  0x36,R30
                 ; 0000 0056 
                 ; 0000 0057 lcd_init(16);
0000aa e1a0      	LDI  R26,LOW(16)
0000ab 940e 02fe 	CALL _lcd_init
                 ; 0000 0058 
                 ; 0000 0059 while (1)
                 _0x6:
                 ; 0000 005A       {
                 ; 0000 005B             // we can use read_adc(chennel-no)
                 ; 0000 005C             // and then by setting OC0-1-2 we can do everything
                 ; 0000 005D             /*
                 ; 0000 005E                 read_adc(0);
                 ; 0000 005F                 read_adc(1);
                 ; 0000 0060                 read_adc(2);
                 ; 0000 0061                 read_adc(3);
                 ; 0000 0062                 OCR2 = 250;
                 ; 0000 0063                 OCR0 = 250;
                 ; 0000 0064                 OCR1A = 250;
                 ; 0000 0065             */
                 ; 0000 0066             // reading photosel
                 ; 0000 0067             adc0 = read_adc(0);
0000ad e0a0      	LDI  R26,LOW(0)
0000ae dfb9      	RCALL _read_adc
0000af 018f      	MOVW R16,R30
                 ; 0000 0068             adc1 = read_adc(1);
0000b0 e0a1      	LDI  R26,LOW(1)
0000b1 dfb6      	RCALL _read_adc
0000b2 019f      	MOVW R18,R30
                 ; 0000 0069             adc2 = read_adc(2);
0000b3 e0a2      	LDI  R26,LOW(2)
0000b4 dfb3      	RCALL _read_adc
0000b5 01af      	MOVW R20,R30
                 ; 0000 006A             adc3 = read_adc(3);
0000b6 e0a3      	LDI  R26,LOW(3)
0000b7 dfb0      	RCALL _read_adc
0000b8 8be8      	STD  Y+16,R30
0000b9 8bf9      	STD  Y+16+1,R31
                 ; 0000 006B             // sample printig for photosel and lm35 done in latter project
                 ; 0000 006C             // lcd_clear();
                 ; 0000 006D             sprintf(adc,"%d  ",adc0);
0000ba 940e 0344 	CALL SUBOPT_0x0
0000bc 01f8      	MOVW R30,R16
0000bd 940e 034c 	CALL SUBOPT_0x1
                 ; 0000 006E             lcd_gotoxy(0,0);
0000bf e0a0      	LDI  R26,LOW(0)
0000c0 940e 0357 	CALL SUBOPT_0x2
                 ; 0000 006F             lcd_puts(adc);
                 ; 0000 0070 
                 ; 0000 0071             sprintf(adc,"%d  ",adc3);
0000c2 940e 0344 	CALL SUBOPT_0x0
0000c4 89ec      	LDD  R30,Y+20
0000c5 89fd      	LDD  R31,Y+20+1
0000c6 940e 034c 	CALL SUBOPT_0x1
                 ; 0000 0072             lcd_gotoxy(0,1);
0000c8 e0a1      	LDI  R26,LOW(1)
0000c9 940e 0357 	CALL SUBOPT_0x2
                 ; 0000 0073             lcd_puts(adc);
                 ; 0000 0074 
                 ; 0000 0075             if(adc3/2 > 50){
0000cb 89a8      	LDD  R26,Y+16
0000cc 89b9      	LDD  R27,Y+16+1
0000cd e0e2      	LDI  R30,LOW(2)
0000ce e0f0      	LDI  R31,HIGH(2)
0000cf 940e 03bf 	CALL __DIVW21
0000d1 97f3      	SBIW R30,51
0000d2 f01c      	BRLT _0x9
                 ; 0000 0076                 OCR1A = 250;
0000d3 efea      	LDI  R30,LOW(250)
0000d4 e0f0      	LDI  R31,HIGH(250)
0000d5 c002      	RJMP _0x12
                 ; 0000 0077             }else{
                 _0x9:
                 ; 0000 0078                 OCR1A = 0;
0000d6 e0e0      	LDI  R30,LOW(0)
0000d7 e0f0      	LDI  R31,HIGH(0)
                 _0x12:
0000d8 bdfb      	OUT  0x2A+1,R31
0000d9 bdea      	OUT  0x2A,R30
                 ; 0000 0079             }
                 ; 0000 007A 
                 ; 0000 007B             if(adc0 > 70){
                +
0000da 3407     +CPI R16 , LOW ( 71 )
0000db e0e0     +LDI R30 , HIGH ( 71 )
0000dc 071e     +CPC R17 , R30
                 	__CPWRN 16,17,71
0000dd f014      	BRLT _0xB
                 ; 0000 007C                 OCR2 = 250;
0000de efea      	LDI  R30,LOW(250)
0000df c012      	RJMP _0x13
                 ; 0000 007D                 OCR0 = 0;
                 ; 0000 007E             }else if(adc1 > 70){
                 _0xB:
                +
0000e0 3427     +CPI R18 , LOW ( 71 )
0000e1 e0e0     +LDI R30 , HIGH ( 71 )
0000e2 073e     +CPC R19 , R30
                 	__CPWRN 18,19,71
0000e3 f02c      	BRLT _0xD
                 ; 0000 007F                 OCR0 = 250;
0000e4 efea      	LDI  R30,LOW(250)
0000e5 bfec      	OUT  0x3C,R30
                 ; 0000 0080                 OCR2 = 0;
0000e6 e0e0      	LDI  R30,LOW(0)
0000e7 bde3      	OUT  0x23,R30
                 ; 0000 0081             }else if(adc2 > 70){
0000e8 c00c      	RJMP _0xE
                 _0xD:
                +
0000e9 3447     +CPI R20 , LOW ( 71 )
0000ea e0e0     +LDI R30 , HIGH ( 71 )
0000eb 075e     +CPC R21 , R30
                 	__CPWRN 20,21,71
0000ec f024      	BRLT _0xF
                 ; 0000 0082                 OCR0 = 250;
0000ed efea      	LDI  R30,LOW(250)
0000ee bfec      	OUT  0x3C,R30
                 ; 0000 0083                 OCR2 = 250;
0000ef bde3      	OUT  0x23,R30
                 ; 0000 0084             }else{
0000f0 c004      	RJMP _0x10
                 _0xF:
                 ; 0000 0085                 OCR2 = 0;
0000f1 e0e0      	LDI  R30,LOW(0)
                 _0x13:
0000f2 bde3      	OUT  0x23,R30
                 ; 0000 0086                 OCR0 = 0;
0000f3 e0e0      	LDI  R30,LOW(0)
0000f4 bfec      	OUT  0x3C,R30
                 ; 0000 0087             }
                 _0x10:
                 _0xE:
                 ; 0000 0088 
                 ; 0000 0089             // turn till the forward sensor finds the light then check the other sensors
                 ; 0000 008A             // forward sensor has the most priority
                 ; 0000 008B             // it's better to use stepper motor instead of dc motor
                 ; 0000 008C       }
0000f5 cfb7      	RJMP _0x6
                 ; 0000 008D }
                 _0x11:
0000f6 cfff      	RJMP _0x11
                 ; .FEND
                 	#ifndef __SLEEP_DEFINED__
                 	#endif
                 
                 	.CSEG
                 _put_buff_G100:
                 ; .FSTART _put_buff_G100
0000f7 93ba      	ST   -Y,R27
0000f8 93aa      	ST   -Y,R26
0000f9 931a      	ST   -Y,R17
0000fa 930a      	ST   -Y,R16
0000fb 81aa      	LDD  R26,Y+2
0000fc 81bb      	LDD  R27,Y+2+1
0000fd 9612      	ADIW R26,2
0000fe 940e 03d2 	CALL __GETW1P
000100 9730      	SBIW R30,0
000101 f159      	BREQ _0x2000010
000102 81aa      	LDD  R26,Y+2
000103 81bb      	LDD  R27,Y+2+1
000104 9614      	ADIW R26,4
000105 940e 03d2 	CALL __GETW1P
000107 018f      	MOVW R16,R30
000108 9730      	SBIW R30,0
000109 f061      	BREQ _0x2000012
                +
00010a 3002     +CPI R16 , LOW ( 2 )
00010b e0e0     +LDI R30 , HIGH ( 2 )
00010c 071e     +CPC R17 , R30
                 	__CPWRN 16,17,2
00010d f098      	BRLO _0x2000013
00010e 01f8      	MOVW R30,R16
00010f 9731      	SBIW R30,1
000110 018f      	MOVW R16,R30
                +
000111 81aa     +LDD R26 , Y + 2
000112 81bb     +LDD R27 , Y + 2 + 1
000113 9614     +ADIW R26 , 4
000114 93ed     +ST X + , R30
000115 93fc     +ST X , R31
                 	__PUTW1SNS 2,4
                 _0x2000012:
000116 81aa      	LDD  R26,Y+2
000117 81bb      	LDD  R27,Y+2+1
000118 9612      	ADIW R26,2
000119 91ed      	LD   R30,X+
00011a 91fd      	LD   R31,X+
00011b 9631      	ADIW R30,1
00011c 93fe      	ST   -X,R31
00011d 93ee      	ST   -X,R30
00011e 9731      	SBIW R30,1
00011f 81ac      	LDD  R26,Y+4
000120 83a0      	STD  Z+0,R26
                 _0x2000013:
000121 81aa      	LDD  R26,Y+2
000122 81bb      	LDD  R27,Y+2+1
000123 940e 03d2 	CALL __GETW1P
000125 23ff      	TST  R31
000126 f02a      	BRMI _0x2000014
000127 91ed      	LD   R30,X+
000128 91fd      	LD   R31,X+
000129 9631      	ADIW R30,1
00012a 93fe      	ST   -X,R31
00012b 93ee      	ST   -X,R30
                 _0x2000014:
00012c c006      	RJMP _0x2000015
                 _0x2000010:
00012d 81aa      	LDD  R26,Y+2
00012e 81bb      	LDD  R27,Y+2+1
00012f efef      	LDI  R30,LOW(65535)
000130 efff      	LDI  R31,HIGH(65535)
000131 93ed      	ST   X+,R30
000132 93fc      	ST   X,R31
                 _0x2000015:
000133 8119      	LDD  R17,Y+1
000134 8108      	LDD  R16,Y+0
000135 9625      	ADIW R28,5
000136 9508      	RET
                 ; .FEND
                 __print_G100:
                 ; .FSTART __print_G100
000137 93ba      	ST   -Y,R27
000138 93aa      	ST   -Y,R26
000139 9726      	SBIW R28,6
00013a 940e 03df 	CALL __SAVELOCR6
00013c e010      	LDI  R17,0
00013d 85ac      	LDD  R26,Y+12
00013e 85bd      	LDD  R27,Y+12+1
00013f e0e0      	LDI  R30,LOW(0)
000140 e0f0      	LDI  R31,HIGH(0)
000141 93ed      	ST   X+,R30
000142 93fc      	ST   X,R31
                 _0x2000016:
000143 89ea      	LDD  R30,Y+18
000144 89fb      	LDD  R31,Y+18+1
000145 9631      	ADIW R30,1
000146 8bea      	STD  Y+18,R30
000147 8bfb      	STD  Y+18+1,R31
000148 9731      	SBIW R30,1
000149 91e4      	LPM  R30,Z
00014a 2f2e      	MOV  R18,R30
00014b 30e0      	CPI  R30,0
00014c f409      	BRNE PC+2
00014d c115      	RJMP _0x2000018
00014e 2fe1      	MOV  R30,R17
00014f 30e0      	CPI  R30,0
000150 f439      	BRNE _0x200001C
000151 3225      	CPI  R18,37
000152 f411      	BRNE _0x200001D
000153 e011      	LDI  R17,LOW(1)
000154 c002      	RJMP _0x200001E
                 _0x200001D:
000155 940e 035c 	CALL SUBOPT_0x3
                 _0x200001E:
000157 c10a      	RJMP _0x200001B
                 _0x200001C:
000158 30e1      	CPI  R30,LOW(0x1)
000159 f4a9      	BRNE _0x200001F
00015a 3225      	CPI  R18,37
00015b f419      	BRNE _0x2000020
00015c 940e 035c 	CALL SUBOPT_0x3
00015e c102      	RJMP _0x20000CC
                 _0x2000020:
00015f e012      	LDI  R17,LOW(2)
000160 e040      	LDI  R20,LOW(0)
000161 e000      	LDI  R16,LOW(0)
000162 322d      	CPI  R18,45
000163 f411      	BRNE _0x2000021
000164 e001      	LDI  R16,LOW(1)
000165 c0fc      	RJMP _0x200001B
                 _0x2000021:
000166 322b      	CPI  R18,43
000167 f411      	BRNE _0x2000022
000168 e24b      	LDI  R20,LOW(43)
000169 c0f8      	RJMP _0x200001B
                 _0x2000022:
00016a 3220      	CPI  R18,32
00016b f411      	BRNE _0x2000023
00016c e240      	LDI  R20,LOW(32)
00016d c0f4      	RJMP _0x200001B
                 _0x2000023:
00016e c002      	RJMP _0x2000024
                 _0x200001F:
00016f 30e2      	CPI  R30,LOW(0x2)
000170 f439      	BRNE _0x2000025
                 _0x2000024:
000171 e050      	LDI  R21,LOW(0)
000172 e013      	LDI  R17,LOW(3)
000173 3320      	CPI  R18,48
000174 f411      	BRNE _0x2000026
000175 6800      	ORI  R16,LOW(128)
000176 c0eb      	RJMP _0x200001B
                 _0x2000026:
000177 c003      	RJMP _0x2000027
                 _0x2000025:
000178 30e3      	CPI  R30,LOW(0x3)
000179 f009      	BREQ PC+2
00017a c0e7      	RJMP _0x200001B
                 _0x2000027:
00017b 3320      	CPI  R18,48
00017c f010      	BRLO _0x200002A
00017d 332a      	CPI  R18,58
00017e f008      	BRLO _0x200002B
                 _0x200002A:
00017f c007      	RJMP _0x2000029
                 _0x200002B:
000180 e0aa      	LDI  R26,LOW(10)
000181 9f5a      	MUL  R21,R26
000182 2d50      	MOV  R21,R0
000183 2fe2      	MOV  R30,R18
000184 53e0      	SUBI R30,LOW(48)
000185 0f5e      	ADD  R21,R30
000186 c0db      	RJMP _0x200001B
                 _0x2000029:
000187 2fe2      	MOV  R30,R18
000188 36e3      	CPI  R30,LOW(0x63)
000189 f449      	BRNE _0x200002F
00018a 940e 0363 	CALL SUBOPT_0x4
00018c 89e8      	LDD  R30,Y+16
00018d 89f9      	LDD  R31,Y+16+1
00018e 81a4      	LDD  R26,Z+4
00018f 93aa      	ST   -Y,R26
000190 940e 0369 	CALL SUBOPT_0x5
000192 c0ce      	RJMP _0x2000030
                 _0x200002F:
000193 37e3      	CPI  R30,LOW(0x73)
000194 f441      	BRNE _0x2000032
000195 940e 0363 	CALL SUBOPT_0x4
000197 940e 036f 	CALL SUBOPT_0x6
000199 940e 032b 	CALL _strlen
00019b 2f1e      	MOV  R17,R30
00019c c00a      	RJMP _0x2000033
                 _0x2000032:
00019d 37e0      	CPI  R30,LOW(0x70)
00019e f461      	BRNE _0x2000035
00019f 940e 0363 	CALL SUBOPT_0x4
0001a1 940e 036f 	CALL SUBOPT_0x6
0001a3 940e 0337 	CALL _strlenf
0001a5 2f1e      	MOV  R17,R30
0001a6 6008      	ORI  R16,LOW(8)
                 _0x2000033:
0001a7 6002      	ORI  R16,LOW(2)
0001a8 770f      	ANDI R16,LOW(127)
0001a9 e030      	LDI  R19,LOW(0)
0001aa c034      	RJMP _0x2000036
                 _0x2000035:
0001ab 36e4      	CPI  R30,LOW(0x64)
0001ac f011      	BREQ _0x2000039
0001ad 36e9      	CPI  R30,LOW(0x69)
0001ae f411      	BRNE _0x200003A
                 _0x2000039:
0001af 6004      	ORI  R16,LOW(4)
0001b0 c002      	RJMP _0x200003B
                 _0x200003A:
0001b1 37e5      	CPI  R30,LOW(0x75)
0001b2 f431      	BRNE _0x200003C
                 _0x200003B:
0001b3 e5e4      	LDI  R30,LOW(_tbl10_G100*2)
0001b4 e0f0      	LDI  R31,HIGH(_tbl10_G100*2)
0001b5 83ee      	STD  Y+6,R30
0001b6 83ff      	STD  Y+6+1,R31
0001b7 e015      	LDI  R17,LOW(5)
0001b8 c00c      	RJMP _0x200003D
                 _0x200003C:
0001b9 35e8      	CPI  R30,LOW(0x58)
0001ba f411      	BRNE _0x200003F
0001bb 6008      	ORI  R16,LOW(8)
0001bc c003      	RJMP _0x2000040
                 _0x200003F:
0001bd 37e8      	CPI  R30,LOW(0x78)
0001be f009      	BREQ PC+2
0001bf c0a1      	RJMP _0x2000071
                 _0x2000040:
0001c0 e5ee      	LDI  R30,LOW(_tbl16_G100*2)
0001c1 e0f0      	LDI  R31,HIGH(_tbl16_G100*2)
0001c2 83ee      	STD  Y+6,R30
0001c3 83ff      	STD  Y+6+1,R31
0001c4 e014      	LDI  R17,LOW(4)
                 _0x200003D:
0001c5 ff02      	SBRS R16,2
0001c6 c014      	RJMP _0x2000042
0001c7 940e 0363 	CALL SUBOPT_0x4
0001c9 940e 0379 	CALL SUBOPT_0x7
0001cb 85ab      	LDD  R26,Y+11
0001cc 23aa      	TST  R26
0001cd f43a      	BRPL _0x2000043
0001ce 85ea      	LDD  R30,Y+10
0001cf 85fb      	LDD  R31,Y+10+1
0001d0 940e 03a3 	CALL __ANEGW1
0001d2 87ea      	STD  Y+10,R30
0001d3 87fb      	STD  Y+10+1,R31
0001d4 e24d      	LDI  R20,LOW(45)
                 _0x2000043:
0001d5 3040      	CPI  R20,0
0001d6 f011      	BREQ _0x2000044
0001d7 5f1f      	SUBI R17,-LOW(1)
0001d8 c001      	RJMP _0x2000045
                 _0x2000044:
0001d9 7f0b      	ANDI R16,LOW(251)
                 _0x2000045:
0001da c004      	RJMP _0x2000046
                 _0x2000042:
0001db 940e 0363 	CALL SUBOPT_0x4
0001dd 940e 0379 	CALL SUBOPT_0x7
                 _0x2000046:
                 _0x2000036:
0001df fd00      	SBRC R16,0
0001e0 c011      	RJMP _0x2000047
                 _0x2000048:
0001e1 1715      	CP   R17,R21
0001e2 f478      	BRSH _0x200004A
0001e3 ff07      	SBRS R16,7
0001e4 c008      	RJMP _0x200004B
0001e5 ff02      	SBRS R16,2
0001e6 c004      	RJMP _0x200004C
0001e7 7f0b      	ANDI R16,LOW(251)
0001e8 2f24      	MOV  R18,R20
0001e9 5011      	SUBI R17,LOW(1)
0001ea c001      	RJMP _0x200004D
                 _0x200004C:
0001eb e320      	LDI  R18,LOW(48)
                 _0x200004D:
0001ec c001      	RJMP _0x200004E
                 _0x200004B:
0001ed e220      	LDI  R18,LOW(32)
                 _0x200004E:
0001ee 940e 035c 	CALL SUBOPT_0x3
0001f0 5051      	SUBI R21,LOW(1)
0001f1 cfef      	RJMP _0x2000048
                 _0x200004A:
                 _0x2000047:
0001f2 2f31      	MOV  R19,R17
0001f3 ff01      	SBRS R16,1
0001f4 c017      	RJMP _0x200004F
                 _0x2000050:
0001f5 3030      	CPI  R19,0
0001f6 f0a1      	BREQ _0x2000052
0001f7 ff03      	SBRS R16,3
0001f8 c006      	RJMP _0x2000053
0001f9 81ee      	LDD  R30,Y+6
0001fa 81ff      	LDD  R31,Y+6+1
0001fb 9125      	LPM  R18,Z+
0001fc 83ee      	STD  Y+6,R30
0001fd 83ff      	STD  Y+6+1,R31
0001fe c005      	RJMP _0x2000054
                 _0x2000053:
0001ff 81ae      	LDD  R26,Y+6
000200 81bf      	LDD  R27,Y+6+1
000201 912d      	LD   R18,X+
000202 83ae      	STD  Y+6,R26
000203 83bf      	STD  Y+6+1,R27
                 _0x2000054:
000204 940e 035c 	CALL SUBOPT_0x3
000206 3050      	CPI  R21,0
000207 f009      	BREQ _0x2000055
000208 5051      	SUBI R21,LOW(1)
                 _0x2000055:
000209 5031      	SUBI R19,LOW(1)
00020a cfea      	RJMP _0x2000050
                 _0x2000052:
00020b c04b      	RJMP _0x2000056
                 _0x200004F:
                 _0x2000058:
00020c e320      	LDI  R18,LOW(48)
00020d 81ee      	LDD  R30,Y+6
00020e 81ff      	LDD  R31,Y+6+1
00020f 940e 03d6 	CALL __GETW1PF
000211 87e8      	STD  Y+8,R30
000212 87f9      	STD  Y+8+1,R31
000213 81ee      	LDD  R30,Y+6
000214 81ff      	LDD  R31,Y+6+1
000215 9632      	ADIW R30,2
000216 83ee      	STD  Y+6,R30
000217 83ff      	STD  Y+6+1,R31
                 _0x200005A:
000218 85e8      	LDD  R30,Y+8
000219 85f9      	LDD  R31,Y+8+1
00021a 85aa      	LDD  R26,Y+10
00021b 85bb      	LDD  R27,Y+10+1
00021c 17ae      	CP   R26,R30
00021d 07bf      	CPC  R27,R31
00021e f050      	BRLO _0x200005C
00021f 5f2f      	SUBI R18,-LOW(1)
000220 85a8      	LDD  R26,Y+8
000221 85b9      	LDD  R27,Y+8+1
000222 85ea      	LDD  R30,Y+10
000223 85fb      	LDD  R31,Y+10+1
000224 1bea      	SUB  R30,R26
000225 0bfb      	SBC  R31,R27
000226 87ea      	STD  Y+10,R30
000227 87fb      	STD  Y+10+1,R31
000228 cfef      	RJMP _0x200005A
                 _0x200005C:
000229 332a      	CPI  R18,58
00022a f028      	BRLO _0x200005D
00022b ff03      	SBRS R16,3
00022c c002      	RJMP _0x200005E
00022d 5f29      	SUBI R18,-LOW(7)
00022e c001      	RJMP _0x200005F
                 _0x200005E:
00022f 5d29      	SUBI R18,-LOW(39)
                 _0x200005F:
                 _0x200005D:
000230 fd04      	SBRC R16,4
000231 c01a      	RJMP _0x2000061
000232 3321      	CPI  R18,49
000233 f420      	BRSH _0x2000063
000234 85a8      	LDD  R26,Y+8
000235 85b9      	LDD  R27,Y+8+1
000236 9711      	SBIW R26,1
000237 f409      	BRNE _0x2000062
                 _0x2000063:
000238 c009      	RJMP _0x20000CD
                 _0x2000062:
000239 1753      	CP   R21,R19
00023a f010      	BRLO _0x2000067
00023b ff00      	SBRS R16,0
00023c c001      	RJMP _0x2000068
                 _0x2000067:
00023d c013      	RJMP _0x2000066
                 _0x2000068:
00023e e220      	LDI  R18,LOW(32)
00023f ff07      	SBRS R16,7
000240 c00b      	RJMP _0x2000069
000241 e320      	LDI  R18,LOW(48)
                 _0x20000CD:
000242 6100      	ORI  R16,LOW(16)
000243 ff02      	SBRS R16,2
000244 c007      	RJMP _0x200006A
000245 7f0b      	ANDI R16,LOW(251)
000246 934a      	ST   -Y,R20
000247 940e 0369 	CALL SUBOPT_0x5
000249 3050      	CPI  R21,0
00024a f009      	BREQ _0x200006B
00024b 5051      	SUBI R21,LOW(1)
                 _0x200006B:
                 _0x200006A:
                 _0x2000069:
                 _0x2000061:
00024c 940e 035c 	CALL SUBOPT_0x3
00024e 3050      	CPI  R21,0
00024f f009      	BREQ _0x200006C
000250 5051      	SUBI R21,LOW(1)
                 _0x200006C:
                 _0x2000066:
000251 5031      	SUBI R19,LOW(1)
000252 85a8      	LDD  R26,Y+8
000253 85b9      	LDD  R27,Y+8+1
000254 9712      	SBIW R26,2
000255 f008      	BRLO _0x2000059
000256 cfb5      	RJMP _0x2000058
                 _0x2000059:
                 _0x2000056:
000257 ff00      	SBRS R16,0
000258 c008      	RJMP _0x200006D
                 _0x200006E:
000259 3050      	CPI  R21,0
00025a f031      	BREQ _0x2000070
00025b 5051      	SUBI R21,LOW(1)
00025c e2e0      	LDI  R30,LOW(32)
00025d 93ea      	ST   -Y,R30
00025e 940e 0369 	CALL SUBOPT_0x5
000260 cff8      	RJMP _0x200006E
                 _0x2000070:
                 _0x200006D:
                 _0x2000071:
                 _0x2000030:
                 _0x20000CC:
000261 e010      	LDI  R17,LOW(0)
                 _0x200001B:
000262 cee0      	RJMP _0x2000016
                 _0x2000018:
000263 85ac      	LDD  R26,Y+12
000264 85bd      	LDD  R27,Y+12+1
000265 940e 03d2 	CALL __GETW1P
000267 940e 03e6 	CALL __LOADLOCR6
000269 9664      	ADIW R28,20
00026a 9508      	RET
                 ; .FEND
                 _sprintf:
                 ; .FSTART _sprintf
00026b 92ff      	PUSH R15
00026c 2ef8      	MOV  R15,R24
00026d 9726      	SBIW R28,6
00026e 940e 03e1 	CALL __SAVELOCR4
000270 940e 0381 	CALL SUBOPT_0x8
000272 9730      	SBIW R30,0
000273 f419      	BRNE _0x2000072
000274 efef      	LDI  R30,LOW(65535)
000275 efff      	LDI  R31,HIGH(65535)
000276 c023      	RJMP _0x2080002
                 _0x2000072:
000277 01de      	MOVW R26,R28
000278 9616      	ADIW R26,6
000279 940e 039f 	CALL __ADDW2R15
00027b 018d      	MOVW R16,R26
00027c 940e 0381 	CALL SUBOPT_0x8
00027e 83ee      	STD  Y+6,R30
00027f 83ff      	STD  Y+6+1,R31
000280 e0e0      	LDI  R30,LOW(0)
000281 87e8      	STD  Y+8,R30
000282 87e9      	STD  Y+8+1,R30
000283 01de      	MOVW R26,R28
000284 961a      	ADIW R26,10
000285 940e 039f 	CALL __ADDW2R15
000287 940e 03d2 	CALL __GETW1P
000289 93fa      	ST   -Y,R31
00028a 93ea      	ST   -Y,R30
00028b 931a      	ST   -Y,R17
00028c 930a      	ST   -Y,R16
00028d efe7      	LDI  R30,LOW(_put_buff_G100)
00028e e0f0      	LDI  R31,HIGH(_put_buff_G100)
00028f 93fa      	ST   -Y,R31
000290 93ea      	ST   -Y,R30
000291 01de      	MOVW R26,R28
000292 961a      	ADIW R26,10
000293 dea3      	RCALL __print_G100
000294 019f      	MOVW R18,R30
000295 81ae      	LDD  R26,Y+6
000296 81bf      	LDD  R27,Y+6+1
000297 e0e0      	LDI  R30,LOW(0)
000298 93ec      	ST   X,R30
000299 01f9      	MOVW R30,R18
                 _0x2080002:
00029a 940e 03e8 	CALL __LOADLOCR4
00029c 962a      	ADIW R28,10
00029d 90ff      	POP  R15
00029e 9508      	RET
                 ; .FEND
                 	#ifndef __SLEEP_DEFINED__
                 	#endif
                 
                 	.DSEG
                 
                 	.CSEG
                 __lcd_write_nibble_G101:
                 ; .FSTART __lcd_write_nibble_G101
00029f 93aa      	ST   -Y,R26
0002a0 b3e5      	IN   R30,0x15
0002a1 70ef      	ANDI R30,LOW(0xF)
0002a2 2fae      	MOV  R26,R30
0002a3 81e8      	LD   R30,Y
0002a4 7fe0      	ANDI R30,LOW(0xF0)
0002a5 2bea      	OR   R30,R26
0002a6 bbe5      	OUT  0x15,R30
                +
0002a7 e082     +LDI R24 , LOW ( 2 )
                +__DELAY_USB_LOOP :
0002a8 958a     +DEC R24
0002a9 f7f1     +BRNE __DELAY_USB_LOOP
                 	__DELAY_USB 2
0002aa 9aaa      	SBI  0x15,2
                +
0002ab e082     +LDI R24 , LOW ( 2 )
                +__DELAY_USB_LOOP :
0002ac 958a     +DEC R24
0002ad f7f1     +BRNE __DELAY_USB_LOOP
                 	__DELAY_USB 2
0002ae 98aa      	CBI  0x15,2
                +
0002af e082     +LDI R24 , LOW ( 2 )
                +__DELAY_USB_LOOP :
0002b0 958a     +DEC R24
0002b1 f7f1     +BRNE __DELAY_USB_LOOP
                 	__DELAY_USB 2
0002b2 c076      	RJMP _0x2080001
                 ; .FEND
                 __lcd_write_data:
                 ; .FSTART __lcd_write_data
0002b3 93aa      	ST   -Y,R26
0002b4 81a8      	LD   R26,Y
0002b5 dfe9      	RCALL __lcd_write_nibble_G101
0002b6 81e8          ld    r30,y
0002b7 95e2          swap  r30
0002b8 83e8          st    y,r30
0002b9 81a8      	LD   R26,Y
0002ba dfe4      	RCALL __lcd_write_nibble_G101
                +
0002bb e181     +LDI R24 , LOW ( 17 )
                +__DELAY_USB_LOOP :
0002bc 958a     +DEC R24
0002bd f7f1     +BRNE __DELAY_USB_LOOP
                 	__DELAY_USB 17
0002be c06a      	RJMP _0x2080001
                 ; .FEND
                 _lcd_gotoxy:
                 ; .FSTART _lcd_gotoxy
0002bf 93aa      	ST   -Y,R26
0002c0 81e8      	LD   R30,Y
0002c1 e0f0      	LDI  R31,0
0002c2 5ae0      	SUBI R30,LOW(-__base_y_G101)
0002c3 4ffe      	SBCI R31,HIGH(-__base_y_G101)
0002c4 81e0      	LD   R30,Z
0002c5 81a9      	LDD  R26,Y+1
0002c6 0fae      	ADD  R26,R30
0002c7 dfeb      	RCALL __lcd_write_data
0002c8 8059      	LDD  R5,Y+1
0002c9 8048      	LDD  R4,Y+0
0002ca 9622      	ADIW R28,2
0002cb 9508      	RET
                 ; .FEND
                 _lcd_clear:
                 ; .FSTART _lcd_clear
0002cc e0a2      	LDI  R26,LOW(2)
0002cd 940e 0388 	CALL SUBOPT_0x9
0002cf e0ac      	LDI  R26,LOW(12)
0002d0 dfe2      	RCALL __lcd_write_data
0002d1 e0a1      	LDI  R26,LOW(1)
0002d2 940e 0388 	CALL SUBOPT_0x9
0002d4 e0e0      	LDI  R30,LOW(0)
0002d5 2e4e      	MOV  R4,R30
0002d6 2e5e      	MOV  R5,R30
0002d7 9508      	RET
                 ; .FEND
                 _lcd_putchar:
                 ; .FSTART _lcd_putchar
0002d8 93aa      	ST   -Y,R26
0002d9 81a8      	LD   R26,Y
0002da 30aa      	CPI  R26,LOW(0xA)
0002db f011      	BREQ _0x2020005
0002dc 1457      	CP   R5,R7
0002dd f048      	BRLO _0x2020004
                 _0x2020005:
0002de e0e0      	LDI  R30,LOW(0)
0002df 93ea      	ST   -Y,R30
0002e0 9443      	INC  R4
0002e1 2da4      	MOV  R26,R4
0002e2 dfdc      	RCALL _lcd_gotoxy
0002e3 81a8      	LD   R26,Y
0002e4 30aa      	CPI  R26,LOW(0xA)
0002e5 f409      	BRNE _0x2020007
0002e6 c042      	RJMP _0x2080001
                 _0x2020007:
                 _0x2020004:
0002e7 9453      	INC  R5
0002e8 9aa8      	SBI  0x15,0
0002e9 81a8      	LD   R26,Y
0002ea dfc8      	RCALL __lcd_write_data
0002eb 98a8      	CBI  0x15,0
0002ec c03c      	RJMP _0x2080001
                 ; .FEND
                 _lcd_puts:
                 ; .FSTART _lcd_puts
0002ed 93ba      	ST   -Y,R27
0002ee 93aa      	ST   -Y,R26
0002ef 931a      	ST   -Y,R17
                 _0x2020008:
0002f0 81a9      	LDD  R26,Y+1
0002f1 81ba      	LDD  R27,Y+1+1
0002f2 91ed      	LD   R30,X+
0002f3 83a9      	STD  Y+1,R26
0002f4 83ba      	STD  Y+1+1,R27
0002f5 2f1e      	MOV  R17,R30
0002f6 30e0      	CPI  R30,0
0002f7 f019      	BREQ _0x202000A
0002f8 2fa1      	MOV  R26,R17
0002f9 dfde      	RCALL _lcd_putchar
0002fa cff5      	RJMP _0x2020008
                 _0x202000A:
0002fb 8118      	LDD  R17,Y+0
0002fc 9623      	ADIW R28,3
0002fd 9508      	RET
                 ; .FEND
                 _lcd_init:
                 ; .FSTART _lcd_init
0002fe 93aa      	ST   -Y,R26
0002ff b3e4      	IN   R30,0x14
000300 6fe0      	ORI  R30,LOW(0xF0)
000301 bbe4      	OUT  0x14,R30
000302 9aa2      	SBI  0x14,2
000303 9aa0      	SBI  0x14,0
000304 9aa1      	SBI  0x14,1
000305 98aa      	CBI  0x15,2
000306 98a8      	CBI  0x15,0
000307 98a9      	CBI  0x15,1
000308 8078      	LDD  R7,Y+0
000309 81e8      	LD   R30,Y
00030a 58e0      	SUBI R30,-LOW(128)
                +
00030b 93e0 0162+STS __base_y_G101 + ( 2 ) , R30
                 	__PUTB1MN __base_y_G101,2
00030d 81e8      	LD   R30,Y
00030e 54e0      	SUBI R30,-LOW(192)
                +
00030f 93e0 0163+STS __base_y_G101 + ( 3 ) , R30
                 	__PUTB1MN __base_y_G101,3
000311 e1a4      	LDI  R26,LOW(20)
000312 e0b0      	LDI  R27,0
000313 940e 0395 	CALL _delay_ms
000315 940e 038e 	CALL SUBOPT_0xA
000317 940e 038e 	CALL SUBOPT_0xA
000319 940e 038e 	CALL SUBOPT_0xA
00031b e2a0      	LDI  R26,LOW(32)
00031c df82      	RCALL __lcd_write_nibble_G101
                +
00031d e281     +LDI R24 , LOW ( 33 )
                +__DELAY_USB_LOOP :
00031e 958a     +DEC R24
00031f f7f1     +BRNE __DELAY_USB_LOOP
                 	__DELAY_USB 33
000320 e2a8      	LDI  R26,LOW(40)
000321 df91      	RCALL __lcd_write_data
000322 e0a4      	LDI  R26,LOW(4)
000323 df8f      	RCALL __lcd_write_data
000324 e8a5      	LDI  R26,LOW(133)
000325 df8d      	RCALL __lcd_write_data
000326 e0a6      	LDI  R26,LOW(6)
000327 df8b      	RCALL __lcd_write_data
000328 dfa3      	RCALL _lcd_clear
                 _0x2080001:
000329 9621      	ADIW R28,1
00032a 9508      	RET
                 ; .FEND
                 
                 	.CSEG
                 
                 	.CSEG
                 _strlen:
                 ; .FSTART _strlen
00032b 93ba      	ST   -Y,R27
00032c 93aa      	ST   -Y,R26
00032d 91a9          ld   r26,y+
00032e 91b9          ld   r27,y+
00032f 27ee          clr  r30
000330 27ff          clr  r31
                 strlen0:
000331 916d          ld   r22,x+
000332 2366          tst  r22
000333 f011          breq strlen1
000334 9631          adiw r30,1
000335 cffb          rjmp strlen0
                 strlen1:
000336 9508          ret
                 ; .FEND
                 _strlenf:
                 ; .FSTART _strlenf
000337 93ba      	ST   -Y,R27
000338 93aa      	ST   -Y,R26
000339 27aa          clr  r26
00033a 27bb          clr  r27
00033b 91e9          ld   r30,y+
00033c 91f9          ld   r31,y+
                 strlenf0:
00033d 9005      	lpm  r0,z+
00033e 2000          tst  r0
00033f f011          breq strlenf1
000340 9611          adiw r26,1
000341 cffb          rjmp strlenf0
                 strlenf1:
000342 01fd          movw r30,r26
000343 9508          ret
                 ; .FEND
                 
                 	.DSEG
                 __base_y_G101:
000160           	.BYTE 0x4
                 
                 	.CSEG
                 ;OPTIMIZER ADDED SUBROUTINE, CALLED 2 TIMES, CODE SIZE REDUCTION:3 WORDS
                 SUBOPT_0x0:
000344 01fe      	MOVW R30,R28
000345 93fa      	ST   -Y,R31
000346 93ea      	ST   -Y,R30
                +
000347 e6e6     +LDI R30 , LOW ( 2 * _0x0 + ( 0 ) )
000348 e0f0     +LDI R31 , HIGH ( 2 * _0x0 + ( 0 ) )
                 	__POINTW1FN _0x0,0
000349 93fa      	ST   -Y,R31
00034a 93ea      	ST   -Y,R30
00034b 9508      	RET
                 
                 ;OPTIMIZER ADDED SUBROUTINE, CALLED 2 TIMES, CODE SIZE REDUCTION:5 WORDS
                 SUBOPT_0x1:
00034c 940e 03a7 	CALL __CWD1
00034e 940e 03da 	CALL __PUTPARD1
000350 e084      	LDI  R24,4
000351 940e 026b 	CALL _sprintf
000353 9628      	ADIW R28,8
000354 e0e0      	LDI  R30,LOW(0)
000355 93ea      	ST   -Y,R30
000356 9508      	RET
                 
                 ;OPTIMIZER ADDED SUBROUTINE, CALLED 2 TIMES, CODE SIZE REDUCTION:1 WORDS
                 SUBOPT_0x2:
000357 940e 02bf 	CALL _lcd_gotoxy
000359 01de      	MOVW R26,R28
00035a 940c 02ed 	JMP  _lcd_puts
                 
                 ;OPTIMIZER ADDED SUBROUTINE, CALLED 5 TIMES, CODE SIZE REDUCTION:13 WORDS
                 SUBOPT_0x3:
00035c 932a      	ST   -Y,R18
00035d 85ad      	LDD  R26,Y+13
00035e 85be      	LDD  R27,Y+13+1
00035f 85ef      	LDD  R30,Y+15
000360 89f8      	LDD  R31,Y+15+1
000361 9509      	ICALL
000362 9508      	RET
                 
                 ;OPTIMIZER ADDED SUBROUTINE, CALLED 5 TIMES, CODE SIZE REDUCTION:9 WORDS
                 SUBOPT_0x4:
000363 89e8      	LDD  R30,Y+16
000364 89f9      	LDD  R31,Y+16+1
000365 9734      	SBIW R30,4
000366 8be8      	STD  Y+16,R30
000367 8bf9      	STD  Y+16+1,R31
000368 9508      	RET
                 
                 ;OPTIMIZER ADDED SUBROUTINE, CALLED 3 TIMES, CODE SIZE REDUCTION:3 WORDS
                 SUBOPT_0x5:
000369 85ad      	LDD  R26,Y+13
00036a 85be      	LDD  R27,Y+13+1
00036b 85ef      	LDD  R30,Y+15
00036c 89f8      	LDD  R31,Y+15+1
00036d 9509      	ICALL
00036e 9508      	RET
                 
                 ;OPTIMIZER ADDED SUBROUTINE, CALLED 2 TIMES, CODE SIZE REDUCTION:4 WORDS
                 SUBOPT_0x6:
00036f 89a8      	LDD  R26,Y+16
000370 89b9      	LDD  R27,Y+16+1
000371 9614      	ADIW R26,4
000372 940e 03d2 	CALL __GETW1P
000374 83ee      	STD  Y+6,R30
000375 83ff      	STD  Y+6+1,R31
000376 81ae      	LDD  R26,Y+6
000377 81bf      	LDD  R27,Y+6+1
000378 9508      	RET
                 
                 ;OPTIMIZER ADDED SUBROUTINE, CALLED 2 TIMES, CODE SIZE REDUCTION:2 WORDS
                 SUBOPT_0x7:
000379 89a8      	LDD  R26,Y+16
00037a 89b9      	LDD  R27,Y+16+1
00037b 9614      	ADIW R26,4
00037c 940e 03d2 	CALL __GETW1P
00037e 87ea      	STD  Y+10,R30
00037f 87fb      	STD  Y+10+1,R31
000380 9508      	RET
                 
                 ;OPTIMIZER ADDED SUBROUTINE, CALLED 2 TIMES, CODE SIZE REDUCTION:1 WORDS
                 SUBOPT_0x8:
000381 01de      	MOVW R26,R28
000382 961c      	ADIW R26,12
000383 940e 039f 	CALL __ADDW2R15
000385 940e 03d2 	CALL __GETW1P
000387 9508      	RET
                 
                 ;OPTIMIZER ADDED SUBROUTINE, CALLED 2 TIMES, CODE SIZE REDUCTION:1 WORDS
                 SUBOPT_0x9:
000388 940e 02b3 	CALL __lcd_write_data
00038a e0a3      	LDI  R26,LOW(3)
00038b e0b0      	LDI  R27,0
00038c 940c 0395 	JMP  _delay_ms
                 
                 ;OPTIMIZER ADDED SUBROUTINE, CALLED 3 TIMES, CODE SIZE REDUCTION:5 WORDS
                 SUBOPT_0xA:
00038e e3a0      	LDI  R26,LOW(48)
00038f 940e 029f 	CALL __lcd_write_nibble_G101
                +
000391 e281     +LDI R24 , LOW ( 33 )
                +__DELAY_USB_LOOP :
000392 958a     +DEC R24
000393 f7f1     +BRNE __DELAY_USB_LOOP
                 	__DELAY_USB 33
000394 9508      	RET
                 
                 
                 	.CSEG
                 _delay_ms:
000395 9610      	adiw r26,0
000396 f039      	breq __delay_ms1
                 __delay_ms0:
000397 95a8      	wdr
                +
000398 ef8a     +LDI R24 , LOW ( 0xFA )
000399 e090     +LDI R25 , HIGH ( 0xFA )
                +__DELAY_USW_LOOP :
00039a 9701     +SBIW R24 , 1
00039b f7f1     +BRNE __DELAY_USW_LOOP
                 	__DELAY_USW 0xFA
00039c 9711      	sbiw r26,1
00039d f7c9      	brne __delay_ms0
                 __delay_ms1:
00039e 9508      	ret
                 
                 __ADDW2R15:
00039f 2400      	CLR  R0
0003a0 0daf      	ADD  R26,R15
0003a1 1db0      	ADC  R27,R0
0003a2 9508      	RET
                 
                 __ANEGW1:
0003a3 95f1      	NEG  R31
0003a4 95e1      	NEG  R30
0003a5 40f0      	SBCI R31,0
0003a6 9508      	RET
                 
                 __CWD1:
0003a7 2f6f      	MOV  R22,R31
0003a8 0f66      	ADD  R22,R22
0003a9 0b66      	SBC  R22,R22
0003aa 2f76      	MOV  R23,R22
0003ab 9508      	RET
                 
                 __DIVW21U:
0003ac 2400      	CLR  R0
0003ad 2411      	CLR  R1
0003ae e190      	LDI  R25,16
                 __DIVW21U1:
0003af 0faa      	LSL  R26
0003b0 1fbb      	ROL  R27
0003b1 1c00      	ROL  R0
0003b2 1c11      	ROL  R1
0003b3 1a0e      	SUB  R0,R30
0003b4 0a1f      	SBC  R1,R31
0003b5 f418      	BRCC __DIVW21U2
0003b6 0e0e      	ADD  R0,R30
0003b7 1e1f      	ADC  R1,R31
0003b8 c001      	RJMP __DIVW21U3
                 __DIVW21U2:
0003b9 60a1      	SBR  R26,1
                 __DIVW21U3:
0003ba 959a      	DEC  R25
0003bb f799      	BRNE __DIVW21U1
0003bc 01fd      	MOVW R30,R26
0003bd 01d0      	MOVW R26,R0
0003be 9508      	RET
                 
                 __DIVW21:
0003bf d004      	RCALL __CHKSIGNW
0003c0 dfeb      	RCALL __DIVW21U
0003c1 f40e      	BRTC __DIVW211
0003c2 dfe0      	RCALL __ANEGW1
                 __DIVW211:
0003c3 9508      	RET
                 
                 __CHKSIGNW:
0003c4 94e8      	CLT
0003c5 fff7      	SBRS R31,7
0003c6 c002      	RJMP __CHKSW1
0003c7 dfdb      	RCALL __ANEGW1
0003c8 9468      	SET
                 __CHKSW1:
0003c9 ffb7      	SBRS R27,7
0003ca c006      	RJMP __CHKSW2
0003cb 95a0      	COM  R26
0003cc 95b0      	COM  R27
0003cd 9611      	ADIW R26,1
0003ce f800      	BLD  R0,0
0003cf 9403      	INC  R0
0003d0 fa00      	BST  R0,0
                 __CHKSW2:
0003d1 9508      	RET
                 
                 __GETW1P:
0003d2 91ed      	LD   R30,X+
0003d3 91fc      	LD   R31,X
0003d4 9711      	SBIW R26,1
0003d5 9508      	RET
                 
                 __GETW1PF:
0003d6 9005      	LPM  R0,Z+
0003d7 91f4      	LPM  R31,Z
0003d8 2de0      	MOV  R30,R0
0003d9 9508      	RET
                 
                 __PUTPARD1:
0003da 937a      	ST   -Y,R23
0003db 936a      	ST   -Y,R22
0003dc 93fa      	ST   -Y,R31
0003dd 93ea      	ST   -Y,R30
0003de 9508      	RET
                 
                 __SAVELOCR6:
0003df 935a      	ST   -Y,R21
                 __SAVELOCR5:
0003e0 934a      	ST   -Y,R20
                 __SAVELOCR4:
0003e1 933a      	ST   -Y,R19
                 __SAVELOCR3:
0003e2 932a      	ST   -Y,R18
                 __SAVELOCR2:
0003e3 931a      	ST   -Y,R17
0003e4 930a      	ST   -Y,R16
0003e5 9508      	RET
                 
                 __LOADLOCR6:
0003e6 815d      	LDD  R21,Y+5
                 __LOADLOCR5:
0003e7 814c      	LDD  R20,Y+4
                 __LOADLOCR4:
0003e8 813b      	LDD  R19,Y+3
                 __LOADLOCR3:
0003e9 812a      	LDD  R18,Y+2
                 __LOADLOCR2:
0003ea 8119      	LDD  R17,Y+1
0003eb 8108      	LD   R16,Y
0003ec 9508      	RET
                 
                 ;END OF CODE MARKER
                 __END_OF_CODE:


RESOURCE USE INFORMATION
------------------------

Notice:
The register and instruction counts are symbol table hit counts,
and hence implicitly used resources are not counted, eg, the
'lpm' instruction without operands implicitly uses r0 and z,
none of which are counted.

x,y,z are separate entities in the symbol table and are
counted separately from r26..r31 here.

.dseg memory usage only counts static data declared with .byte

ATmega16 register use summary:
r0 :  19 r1 :   5 r2 :   0 r3 :   0 r4 :   4 r5 :   4 r6 :   0 r7 :   2 
r8 :   0 r9 :   0 r10:   0 r11:   0 r12:   0 r13:   0 r14:   0 r15:   4 
r16:  37 r17:  25 r18:  31 r19:   9 r20:  11 r21:  18 r22:  11 r23:   2 
r24:  25 r25:   5 r26: 110 r27:  40 r28:  17 r29:   1 r30: 232 r31:  67 
x  :  23 y  : 174 z  :  15 
Registers used: 25 out of 35 (71.4%)

ATmega16 instruction use summary:
.lds  :   0 .lds.l:   0 .sts  :   0 .sts.l:   0 adc   :   2 add   :   5 
adiw  :  25 and   :   0 andi  :   6 asr   :   0 bclr  :   0 bld   :   1 
brbc  :   0 brbs  :   0 brcc  :   1 brcs  :   0 break :   0 breq  :  17 
brge  :   0 brhc  :   0 brhs  :   0 brid  :   0 brie  :   0 brlo  :   8 
brlt  :   4 brmi  :   1 brne  :  32 brpl  :   1 brsh  :   2 brtc  :   1 
brts  :   0 brvc  :   0 brvs  :   0 bset  :   0 bst   :   1 call  :  58 
cbi   :   5 cbr   :   0 clc   :   0 clh   :   0 cli   :   1 cln   :   0 
clr   :   9 cls   :   0 clt   :   1 clv   :   0 clz   :   0 com   :   2 
cp    :   4 cpc   :   5 cpi   :  36 cpse  :   0 dec   :   9 des   :   0 
eor   :   0 fmul  :   0 fmuls :   0 fmulsu:   0 icall :   2 ijmp  :   0 
in    :   4 inc   :   3 jmp   :  25 ld    :  26 ldd   :  81 ldi   : 117 
lds   :   0 lpm   :  14 lsl   :   1 lsr   :   0 mov   :  19 movw  :  22 
mul   :   1 muls  :   0 mulsu :   0 neg   :   2 nop   :   0 or    :   1 
ori   :   7 out   :  52 pop   :   1 push  :   1 rcall :  22 ret   :  30 
reti  :   0 rjmp  :  67 rol   :   3 ror   :   0 sbc   :   3 sbci  :   2 
sbi   :   7 sbic  :   0 sbis  :   1 sbiw  :  19 sbr   :   1 sbrc  :   2 
sbrs  :  12 sec   :   0 seh   :   0 sei   :   0 sen   :   0 ser   :   0 
ses   :   0 set   :   1 sev   :   0 sez   :   0 sleep :   0 spm   :   0 
st    :  60 std   :  33 sts   :   2 sub   :   2 subi  :  16 swap  :   1 
tst   :   4 wdr   :   1 
Instructions used: 64 out of 116 (55.2%)

ATmega16 memory use summary [bytes]:
Segment   Begin    End      Code   Data   Used    Size   Use%
---------------------------------------------------------------
[.cseg] 0x000000 0x0007da   1976     34   2010   16384  12.3%
[.dseg] 0x000060 0x000164      0      4      4    1024   0.4%
[.eseg] 0x000000 0x000000      0      0      0     512   0.0%

Assembly complete, 0 errors, 4 warnings
